This is pdfTeX, Version 3.1415926-1.40.10 (TeX Live 2009/Debian) (format=pdflatex 2011.10.18)  28 FEB 2012 16:14
entering extended mode
 %&-line parsing enabled.
**Documentation.tex
(./Documentation.tex
LaTeX2e <2009/09/24>
Babel <v3.8l> and hyphenation patterns for english, usenglishmax, dumylang, noh
yphenation, ngerman, german, german-x-2009-06-19, ngerman-x-2009-06-19, loaded.

(/usr/share/texmf-texlive/tex/latex/base/book.cls
Document Class: book 2007/10/19 v1.4h Standard LaTeX document class
(/usr/share/texmf-texlive/tex/latex/base/fleqn.clo
File: fleqn.clo 1998/08/17 v1.1c Standard LaTeX option (flush left equations)
\mathindent=\dimen102
)
(/usr/share/texmf-texlive/tex/latex/base/bk11.clo
File: bk11.clo 2007/10/19 v1.4h Standard LaTeX file (size option)
)
\c@part=\count79
\c@chapter=\count80
\c@section=\count81
\c@subsection=\count82
\c@subsubsection=\count83
\c@paragraph=\count84
\c@subparagraph=\count85
\c@figure=\count86
\c@table=\count87
\abovecaptionskip=\skip41
\belowcaptionskip=\skip42
\bibindent=\dimen103
)
(/usr/share/texmf-texlive/tex/latex/base/inputenc.sty
Package: inputenc 2008/03/30 v1.1d Input encoding file
\inpenc@prehook=\toks14
\inpenc@posthook=\toks15

(/usr/share/texmf-texlive/tex/latex/base/utf8.def
File: utf8.def 2008/04/05 v1.1m UTF-8 support for inputenc
Now handling font encoding OML ...
... no UTF-8 mapping file for font encoding OML
Now handling font encoding T1 ...
... processing UTF-8 mapping file for font encoding T1

(/usr/share/texmf-texlive/tex/latex/base/t1enc.dfu
File: t1enc.dfu 2008/04/05 v1.1m UTF-8 support for inputenc
   defining Unicode char U+00A1 (decimal 161)
   defining Unicode char U+00A3 (decimal 163)
   defining Unicode char U+00AB (decimal 171)
   defining Unicode char U+00BB (decimal 187)
   defining Unicode char U+00BF (decimal 191)
   defining Unicode char U+00C0 (decimal 192)
   defining Unicode char U+00C1 (decimal 193)
   defining Unicode char U+00C2 (decimal 194)
   defining Unicode char U+00C3 (decimal 195)
   defining Unicode char U+00C4 (decimal 196)
   defining Unicode char U+00C5 (decimal 197)
   defining Unicode char U+00C6 (decimal 198)
   defining Unicode char U+00C7 (decimal 199)
   defining Unicode char U+00C8 (decimal 200)
   defining Unicode char U+00C9 (decimal 201)
   defining Unicode char U+00CA (decimal 202)
   defining Unicode char U+00CB (decimal 203)
   defining Unicode char U+00CC (decimal 204)
   defining Unicode char U+00CD (decimal 205)
   defining Unicode char U+00CE (decimal 206)
   defining Unicode char U+00CF (decimal 207)
   defining Unicode char U+00D0 (decimal 208)
   defining Unicode char U+00D1 (decimal 209)
   defining Unicode char U+00D2 (decimal 210)
   defining Unicode char U+00D3 (decimal 211)
   defining Unicode char U+00D4 (decimal 212)
   defining Unicode char U+00D5 (decimal 213)
   defining Unicode char U+00D6 (decimal 214)
   defining Unicode char U+00D8 (decimal 216)
   defining Unicode char U+00D9 (decimal 217)
   defining Unicode char U+00DA (decimal 218)
   defining Unicode char U+00DB (decimal 219)
   defining Unicode char U+00DC (decimal 220)
   defining Unicode char U+00DD (decimal 221)
   defining Unicode char U+00DE (decimal 222)
   defining Unicode char U+00DF (decimal 223)
   defining Unicode char U+00E0 (decimal 224)
   defining Unicode char U+00E1 (decimal 225)
   defining Unicode char U+00E2 (decimal 226)
   defining Unicode char U+00E3 (decimal 227)
   defining Unicode char U+00E4 (decimal 228)
   defining Unicode char U+00E5 (decimal 229)
   defining Unicode char U+00E6 (decimal 230)
   defining Unicode char U+00E7 (decimal 231)
   defining Unicode char U+00E8 (decimal 232)
   defining Unicode char U+00E9 (decimal 233)
   defining Unicode char U+00EA (decimal 234)
   defining Unicode char U+00EB (decimal 235)
   defining Unicode char U+00EC (decimal 236)
   defining Unicode char U+00ED (decimal 237)
   defining Unicode char U+00EE (decimal 238)
   defining Unicode char U+00EF (decimal 239)
   defining Unicode char U+00F0 (decimal 240)
   defining Unicode char U+00F1 (decimal 241)
   defining Unicode char U+00F2 (decimal 242)
   defining Unicode char U+00F3 (decimal 243)
   defining Unicode char U+00F4 (decimal 244)
   defining Unicode char U+00F5 (decimal 245)
   defining Unicode char U+00F6 (decimal 246)
   defining Unicode char U+00F8 (decimal 248)
   defining Unicode char U+00F9 (decimal 249)
   defining Unicode char U+00FA (decimal 250)
   defining Unicode char U+00FB (decimal 251)
   defining Unicode char U+00FC (decimal 252)
   defining Unicode char U+00FD (decimal 253)
   defining Unicode char U+00FE (decimal 254)
   defining Unicode char U+00FF (decimal 255)
   defining Unicode char U+0102 (decimal 258)
   defining Unicode char U+0103 (decimal 259)
   defining Unicode char U+0104 (decimal 260)
   defining Unicode char U+0105 (decimal 261)
   defining Unicode char U+0106 (decimal 262)
   defining Unicode char U+0107 (decimal 263)
   defining Unicode char U+010C (decimal 268)
   defining Unicode char U+010D (decimal 269)
   defining Unicode char U+010E (decimal 270)
   defining Unicode char U+010F (decimal 271)
   defining Unicode char U+0110 (decimal 272)
   defining Unicode char U+0111 (decimal 273)
   defining Unicode char U+0118 (decimal 280)
   defining Unicode char U+0119 (decimal 281)
   defining Unicode char U+011A (decimal 282)
   defining Unicode char U+011B (decimal 283)
   defining Unicode char U+011E (decimal 286)
   defining Unicode char U+011F (decimal 287)
   defining Unicode char U+0130 (decimal 304)
   defining Unicode char U+0131 (decimal 305)
   defining Unicode char U+0132 (decimal 306)
   defining Unicode char U+0133 (decimal 307)
   defining Unicode char U+0139 (decimal 313)
   defining Unicode char U+013A (decimal 314)
   defining Unicode char U+013D (decimal 317)
   defining Unicode char U+013E (decimal 318)
   defining Unicode char U+0141 (decimal 321)
   defining Unicode char U+0142 (decimal 322)
   defining Unicode char U+0143 (decimal 323)
   defining Unicode char U+0144 (decimal 324)
   defining Unicode char U+0147 (decimal 327)
   defining Unicode char U+0148 (decimal 328)
   defining Unicode char U+014A (decimal 330)
   defining Unicode char U+014B (decimal 331)
   defining Unicode char U+0150 (decimal 336)
   defining Unicode char U+0151 (decimal 337)
   defining Unicode char U+0152 (decimal 338)
   defining Unicode char U+0153 (decimal 339)
   defining Unicode char U+0154 (decimal 340)
   defining Unicode char U+0155 (decimal 341)
   defining Unicode char U+0158 (decimal 344)
   defining Unicode char U+0159 (decimal 345)
   defining Unicode char U+015A (decimal 346)
   defining Unicode char U+015B (decimal 347)
   defining Unicode char U+015E (decimal 350)
   defining Unicode char U+015F (decimal 351)
   defining Unicode char U+0160 (decimal 352)
   defining Unicode char U+0161 (decimal 353)
   defining Unicode char U+0162 (decimal 354)
   defining Unicode char U+0163 (decimal 355)
   defining Unicode char U+0164 (decimal 356)
   defining Unicode char U+0165 (decimal 357)
   defining Unicode char U+016E (decimal 366)
   defining Unicode char U+016F (decimal 367)
   defining Unicode char U+0170 (decimal 368)
   defining Unicode char U+0171 (decimal 369)
   defining Unicode char U+0178 (decimal 376)
   defining Unicode char U+0179 (decimal 377)
   defining Unicode char U+017A (decimal 378)
   defining Unicode char U+017B (decimal 379)
   defining Unicode char U+017C (decimal 380)
   defining Unicode char U+017D (decimal 381)
   defining Unicode char U+017E (decimal 382)
   defining Unicode char U+200C (decimal 8204)
   defining Unicode char U+2013 (decimal 8211)
   defining Unicode char U+2014 (decimal 8212)
   defining Unicode char U+2018 (decimal 8216)
   defining Unicode char U+2019 (decimal 8217)
   defining Unicode char U+201A (decimal 8218)
   defining Unicode char U+201C (decimal 8220)
   defining Unicode char U+201D (decimal 8221)
   defining Unicode char U+201E (decimal 8222)
   defining Unicode char U+2030 (decimal 8240)
   defining Unicode char U+2031 (decimal 8241)
   defining Unicode char U+2039 (decimal 8249)
   defining Unicode char U+203A (decimal 8250)
   defining Unicode char U+2423 (decimal 9251)
)
Now handling font encoding OT1 ...
... processing UTF-8 mapping file for font encoding OT1

(/usr/share/texmf-texlive/tex/latex/base/ot1enc.dfu
File: ot1enc.dfu 2008/04/05 v1.1m UTF-8 support for inputenc
   defining Unicode char U+00A1 (decimal 161)
   defining Unicode char U+00A3 (decimal 163)
   defining Unicode char U+00B8 (decimal 184)
   defining Unicode char U+00BF (decimal 191)
   defining Unicode char U+00C5 (decimal 197)
   defining Unicode char U+00C6 (decimal 198)
   defining Unicode char U+00D8 (decimal 216)
   defining Unicode char U+00DF (decimal 223)
   defining Unicode char U+00E6 (decimal 230)
   defining Unicode char U+00EC (decimal 236)
   defining Unicode char U+00ED (decimal 237)
   defining Unicode char U+00EE (decimal 238)
   defining Unicode char U+00EF (decimal 239)
   defining Unicode char U+00F8 (decimal 248)
   defining Unicode char U+0131 (decimal 305)
   defining Unicode char U+0141 (decimal 321)
   defining Unicode char U+0142 (decimal 322)
   defining Unicode char U+0152 (decimal 338)
   defining Unicode char U+0153 (decimal 339)
   defining Unicode char U+2013 (decimal 8211)
   defining Unicode char U+2014 (decimal 8212)
   defining Unicode char U+2018 (decimal 8216)
   defining Unicode char U+2019 (decimal 8217)
   defining Unicode char U+201C (decimal 8220)
   defining Unicode char U+201D (decimal 8221)
)
Now handling font encoding OMS ...
... processing UTF-8 mapping file for font encoding OMS

(/usr/share/texmf-texlive/tex/latex/base/omsenc.dfu
File: omsenc.dfu 2008/04/05 v1.1m UTF-8 support for inputenc
   defining Unicode char U+00A7 (decimal 167)
   defining Unicode char U+00B6 (decimal 182)
   defining Unicode char U+00B7 (decimal 183)
   defining Unicode char U+2020 (decimal 8224)
   defining Unicode char U+2021 (decimal 8225)
   defining Unicode char U+2022 (decimal 8226)
)
Now handling font encoding OMX ...
... no UTF-8 mapping file for font encoding OMX
Now handling font encoding U ...
... no UTF-8 mapping file for font encoding U
   defining Unicode char U+00A9 (decimal 169)
   defining Unicode char U+00AA (decimal 170)
   defining Unicode char U+00AE (decimal 174)
   defining Unicode char U+00BA (decimal 186)
   defining Unicode char U+02C6 (decimal 710)
   defining Unicode char U+02DC (decimal 732)
   defining Unicode char U+200C (decimal 8204)
   defining Unicode char U+2026 (decimal 8230)
   defining Unicode char U+2122 (decimal 8482)
   defining Unicode char U+2423 (decimal 9251)
))
(/usr/share/texmf-texlive/tex/latex/base/fontenc.sty
Package: fontenc 2005/09/27 v1.99g Standard LaTeX package

(/usr/share/texmf-texlive/tex/latex/base/ot1enc.def
File: ot1enc.def 2005/09/27 v1.99g Standard LaTeX file
LaTeX Font Info:    Redeclaring font encoding OT1 on input line 43.
))
(/usr/share/texmf-texlive/tex/generic/babel/babel.sty
Package: babel 2008/07/06 v3.8l The Babel package

(/usr/share/texmf-texlive/tex/generic/babel/english.ldf
Language: english 2005/03/30 v3.3o English support from the babel system

(/usr/share/texmf-texlive/tex/generic/babel/babel.def
File: babel.def 2008/07/06 v3.8l Babel common definitions
\babel@savecnt=\count88
\U@D=\dimen104
)
\l@british = a dialect from \language\l@english 
\l@UKenglish = a dialect from \language\l@english 
\l@canadian = a dialect from \language\l@american 
\l@australian = a dialect from \language\l@british 
\l@newzealand = a dialect from \language\l@british 
))
(/usr/share/texmf-texlive/tex/latex/graphics/color.sty
Package: color 2005/11/14 v1.0j Standard LaTeX Color (DPC)

(/etc/texmf/tex/latex/config/color.cfg
File: color.cfg 2007/01/18 v1.5 color configuration of teTeX/TeXLive
)
Package color Info: Driver file: pdftex.def on input line 130.

(/usr/share/texmf-texlive/tex/latex/pdftex-def/pdftex.def
File: pdftex.def 2010/03/12 v0.04p Graphics/color for pdfTeX
\Gread@gobject=\count89
))
(/usr/share/texmf-texlive/tex/latex/amsfonts/amssymb.sty
Package: amssymb 2009/06/22 v3.00

(/usr/share/texmf-texlive/tex/latex/amsfonts/amsfonts.sty
Package: amsfonts 2009/06/22 v3.00 Basic AMSFonts support
\@emptytoks=\toks16
\symAMSa=\mathgroup4
\symAMSb=\mathgroup5
LaTeX Font Info:    Overwriting math alphabet `\mathfrak' in version `bold'
(Font)                  U/euf/m/n --> U/euf/b/n on input line 96.
))
(/usr/share/texmf-texlive/tex/latex/amsmath/amsmath.sty
Package: amsmath 2000/07/18 v2.13 AMS math features
\@mathmargin=\skip43

For additional information on amsmath, use the `?' option.
(/usr/share/texmf-texlive/tex/latex/amsmath/amstext.sty
Package: amstext 2000/06/29 v2.01

(/usr/share/texmf-texlive/tex/latex/amsmath/amsgen.sty
File: amsgen.sty 1999/11/30 v2.0
\@emptytoks=\toks17
\ex@=\dimen105
))
(/usr/share/texmf-texlive/tex/latex/amsmath/amsbsy.sty
Package: amsbsy 1999/11/29 v1.2d
\pmbraise@=\dimen106
)
(/usr/share/texmf-texlive/tex/latex/amsmath/amsopn.sty
Package: amsopn 1999/12/14 v2.01 operator names
)
\inf@bad=\count90
LaTeX Info: Redefining \frac on input line 211.
\uproot@=\count91
\leftroot@=\count92
LaTeX Info: Redefining \overline on input line 307.
\classnum@=\count93
\DOTSCASE@=\count94
LaTeX Info: Redefining \ldots on input line 379.
LaTeX Info: Redefining \dots on input line 382.
LaTeX Info: Redefining \cdots on input line 467.
\Mathstrutbox@=\box26
\strutbox@=\box27
\big@size=\dimen107
LaTeX Font Info:    Redeclaring font encoding OML on input line 567.
LaTeX Font Info:    Redeclaring font encoding OMS on input line 568.
\macc@depth=\count95
\c@MaxMatrixCols=\count96
\dotsspace@=\muskip10
\c@parentequation=\count97
\dspbrk@lvl=\count98
\tag@help=\toks18
\row@=\count99
\column@=\count100
\maxfields@=\count101
\andhelp@=\toks19
\eqnshift@=\dimen108
\alignsep@=\dimen109
\tagshift@=\dimen110
\tagwidth@=\dimen111
\totwidth@=\dimen112
\lineht@=\dimen113
\@envbody=\toks20
\multlinegap=\skip44
\multlinetaggap=\skip45
\mathdisplay@stack=\toks21
LaTeX Info: Redefining \[ on input line 2666.
LaTeX Info: Redefining \] on input line 2667.
)
(/usr/share/texmf-texlive/tex/latex/graphics/epsfig.sty
Package: epsfig 1999/02/16 v1.7a (e)psfig emulation (SPQR)

(/usr/share/texmf-texlive/tex/latex/graphics/graphicx.sty
Package: graphicx 1999/02/16 v1.0f Enhanced LaTeX Graphics (DPC,SPQR)

(/usr/share/texmf-texlive/tex/latex/graphics/keyval.sty
Package: keyval 1999/03/16 v1.13 key=value parser (DPC)
\KV@toks@=\toks22
)
(/usr/share/texmf-texlive/tex/latex/graphics/graphics.sty
Package: graphics 2009/02/05 v1.0o Standard LaTeX Graphics (DPC,SPQR)

(/usr/share/texmf-texlive/tex/latex/graphics/trig.sty
Package: trig 1999/03/16 v1.09 sin cos tan (DPC)
)
(/etc/texmf/tex/latex/config/graphics.cfg
File: graphics.cfg 2009/08/28 v1.8 graphics configuration of TeX Live
)
Package graphics Info: Driver file: pdftex.def on input line 91.
)
\Gin@req@height=\dimen114
\Gin@req@width=\dimen115
)
\epsfxsize=\dimen116
\epsfysize=\dimen117
)
(/usr/share/texmf-texlive/tex/latex/xifthen/xifthen.sty
Package: xifthen 2009/04/17 v1.3 Extended ifthen features

(/usr/share/texmf-texlive/tex/latex/etex-pkg/etex.sty
Package: etex 1998/03/26 v2.0 eTeX basic definition package (PEB)
\et@xins=\count102
)
(/usr/share/texmf-texlive/tex/latex/tools/calc.sty
Package: calc 2007/08/22 v4.3 Infix arithmetic (KKT,FJ)
\calc@Acount=\count103
\calc@Bcount=\count104
\calc@Adimen=\dimen118
\calc@Bdimen=\dimen119
\calc@Askip=\skip46
\calc@Bskip=\skip47
LaTeX Info: Redefining \setlength on input line 76.
LaTeX Info: Redefining \addtolength on input line 77.
\calc@Ccount=\count105
\calc@Cskip=\skip48
)
(/usr/share/texmf-texlive/tex/latex/base/ifthen.sty
Package: ifthen 2001/05/26 v1.1c Standard LaTeX ifthen package (DPC)
)
(/usr/share/texmf-texlive/tex/latex/ifmtarg/ifmtarg.sty
Package: ifmtarg 2009/09/02 v1.2a check for an empty argument
))
(/usr/share/texmf-texlive/tex/latex/multirow/multirow.sty
\bigstrutjot=\dimen120
)
(/usr/share/texmf-texlive/tex/latex/rotating/rotating.sty
Package: rotating 2009/03/28 v2.16a rotated objects in LaTeX
\c@r@tfl@t=\count106
\rotFPtop=\skip49
\rotFPbot=\skip50
\rot@float@box=\box28
\rot@mess@toks=\toks23
)
(/usr/share/texmf-texlive/tex/latex/enumitem/enumitem.sty
Package: enumitem 2009/05/18 v2.2 Customized lists
\enit@toks=\toks24
\labelindent=\skip51
\enit@outerparindent=\dimen121
\enitdp@desc=\count107
)
(/usr/share/texmf-texlive/tex/latex/hyperref/hyperref.sty
Package: hyperref 2009/10/09 v6.79a Hypertext links for LaTeX

(/usr/share/texmf-texlive/tex/generic/oberdiek/ifpdf.sty
Package: ifpdf 2009/04/10 v2.0 Provides the ifpdf switch (HO)
Package ifpdf Info: pdfTeX in pdf mode detected.
)
(/usr/share/texmf-texlive/tex/generic/oberdiek/ifvtex.sty
Package: ifvtex 2008/11/04 v1.4 Switches for detecting VTeX and its modes (HO)
Package ifvtex Info: VTeX not detected.
)
(/usr/share/texmf-texlive/tex/generic/ifxetex/ifxetex.sty
Package: ifxetex 2009/01/23 v0.5 Provides ifxetex conditional
)
(/usr/share/texmf-texlive/tex/latex/oberdiek/hycolor.sty
Package: hycolor 2009/10/02 v1.5 Code for color options of hyperref/bookmark (H
O)

(/usr/share/texmf-texlive/tex/latex/oberdiek/xcolor-patch.sty
Package: xcolor-patch 2009/10/02 xcolor patch
))
\@linkdim=\dimen122
\Hy@linkcounter=\count108
\Hy@pagecounter=\count109

(/usr/share/texmf-texlive/tex/latex/hyperref/pd1enc.def
File: pd1enc.def 2009/10/09 v6.79a Hyperref: PDFDocEncoding definition (HO)
Now handling font encoding PD1 ...
... no UTF-8 mapping file for font encoding PD1
)
(/usr/share/texmf-texlive/tex/generic/oberdiek/etexcmds.sty
Package: etexcmds 2007/12/12 v1.2 Prefix for e-TeX command names (HO)

(/usr/share/texmf-texlive/tex/generic/oberdiek/infwarerr.sty
Package: infwarerr 2007/09/09 v1.2 Providing info/warning/message (HO)
)
Package etexcmds Info: Could not find \expanded.
(etexcmds)             That can mean that you are not using pdfTeX 1.50 or
(etexcmds)             that some package has redefined \expanded.
(etexcmds)             In the latter case, load this package earlier.
)
(/usr/share/texmf-texlive/tex/latex/latexconfig/hyperref.cfg
File: hyperref.cfg 2002/06/06 v1.2 hyperref configuration of TeXLive
)
(/usr/share/texmf-texlive/tex/latex/oberdiek/kvoptions.sty
Package: kvoptions 2009/08/13 v3.4 Keyval support for LaTeX options (HO)

(/usr/share/texmf-texlive/tex/generic/oberdiek/kvsetkeys.sty
Package: kvsetkeys 2009/07/30 v1.5 Key value parser with default handler suppor
t (HO)
))
Package hyperref Info: Hyper figures OFF on input line 2975.
Package hyperref Info: Link nesting OFF on input line 2980.
Package hyperref Info: Hyper index ON on input line 2983.
Package hyperref Info: Plain pages OFF on input line 2990.
Package hyperref Info: Backreferencing OFF on input line 2995.

Implicit mode ON; LaTeX internals redefined
Package hyperref Info: Bookmarks ON on input line 3191.
(/usr/share/texmf-texlive/tex/latex/ltxmisc/url.sty
\Urlmuskip=\muskip11
Package: url 2006/04/12  ver 3.3  Verb mode for urls, etc.
)
LaTeX Info: Redefining \url on input line 3428.

(/usr/share/texmf-texlive/tex/generic/oberdiek/bitset.sty
Package: bitset 2007/09/28 v1.0 Data type bit set (HO)

(/usr/share/texmf-texlive/tex/generic/oberdiek/intcalc.sty
Package: intcalc 2007/09/27 v1.1 Expandable integer calculations (HO)
)
(/usr/share/texmf-texlive/tex/generic/oberdiek/bigintcalc.sty
Package: bigintcalc 2007/11/11 v1.1 Expandable big integer calculations (HO)

(/usr/share/texmf-texlive/tex/generic/oberdiek/pdftexcmds.sty
Package: pdftexcmds 2009/09/23 v0.6 LuaTeX support for pdfTeX utility functions
 (HO)

(/usr/share/texmf-texlive/tex/generic/oberdiek/ifluatex.sty
Package: ifluatex 2009/04/17 v1.2 Provides the ifluatex switch (HO)
Package ifluatex Info: LuaTeX not detected.
)
(/usr/share/texmf-texlive/tex/generic/oberdiek/ltxcmds.sty
Package: ltxcmds 2009/08/05 v1.0 Some LaTeX kernel commands for general use (HO
)
)
Package pdftexcmds Info: LuaTeX not detected.
Package pdftexcmds Info: \pdf@primitive is available.
Package pdftexcmds Info: \pdf@ifprimitive is available.
)))
\Fld@menulength=\count110
\Field@Width=\dimen123
\Fld@charsize=\dimen124
\Field@toks=\toks25
Package hyperref Info: Hyper figures OFF on input line 4377.
Package hyperref Info: Link nesting OFF on input line 4382.
Package hyperref Info: Hyper index ON on input line 4385.
Package hyperref Info: backreferencing OFF on input line 4392.
Package hyperref Info: Link coloring OFF on input line 4397.
Package hyperref Info: Link coloring with OCG OFF on input line 4402.
Package hyperref Info: PDF/A mode OFF on input line 4407.

(/usr/share/texmf-texlive/tex/generic/oberdiek/atbegshi.sty
Package: atbegshi 2008/07/31 v1.9 At begin shipout hook (HO)
)
\Hy@abspage=\count111
\c@Item=\count112
\c@Hfootnote=\count113
)
*hyperref using default driver hpdftex*
(/usr/share/texmf-texlive/tex/latex/hyperref/hpdftex.def
File: hpdftex.def 2009/10/09 v6.79a Hyperref driver for pdfTeX
\Fld@listcount=\count114
) (./Documentation.aux
(./Notes.aux) (./Sim_r128.aux) (./Sim_r256.aux))
\openout1 = `Documentation.aux'.

LaTeX Font Info:    Checking defaults for OML/cmm/m/it on input line 17.
LaTeX Font Info:    ... okay on input line 17.
LaTeX Font Info:    Checking defaults for T1/cmr/m/n on input line 17.
LaTeX Font Info:    ... okay on input line 17.
LaTeX Font Info:    Checking defaults for OT1/cmr/m/n on input line 17.
LaTeX Font Info:    ... okay on input line 17.
LaTeX Font Info:    Checking defaults for OMS/cmsy/m/n on input line 17.
LaTeX Font Info:    ... okay on input line 17.
LaTeX Font Info:    Checking defaults for OMX/cmex/m/n on input line 17.
LaTeX Font Info:    ... okay on input line 17.
LaTeX Font Info:    Checking defaults for U/cmr/m/n on input line 17.
LaTeX Font Info:    ... okay on input line 17.
LaTeX Font Info:    Checking defaults for PD1/pdf/m/n on input line 17.
LaTeX Font Info:    ... okay on input line 17.

(/usr/share/texmf-texlive/tex/context/base/supp-pdf.mkii
[Loading MPS to PDF converter (version 2006.09.02).]
\scratchcounter=\count115
\scratchdimen=\dimen125
\scratchbox=\box29
\nofMPsegments=\count116
\nofMParguments=\count117
\everyMPshowfont=\toks26
\MPscratchCnt=\count118
\MPscratchDim=\dimen126
\MPnumerator=\count119
\everyMPtoPDFconversion=\toks27
)
Package hyperref Info: Link coloring OFF on input line 17.
 (/usr/share/texmf-texlive/tex/latex/hyperref/nameref.sty
Package: nameref 2007/05/29 v2.31 Cross-referencing by name of section

(/usr/share/texmf-texlive/tex/latex/oberdiek/refcount.sty
Package: refcount 2008/08/11 v3.1 Data extraction from references (HO)
)
\c@section@level=\count120
)
LaTeX Info: Redefining \ref on input line 17.
LaTeX Info: Redefining \pageref on input line 17.

(./Documentation.out) (./Documentation.out)
\@outlinefile=\write3
\openout3 = `Documentation.out'.

\AtBeginShipoutBox=\box30
LaTeX Font Info:    Try loading font information for U+msa on input line 21.

(/usr/share/texmf-texlive/tex/latex/amsfonts/umsa.fd
File: umsa.fd 2009/06/22 v3.00 AMS symbols A
)
LaTeX Font Info:    Try loading font information for U+msb on input line 21.

(/usr/share/texmf-texlive/tex/latex/amsfonts/umsb.fd
File: umsb.fd 2009/06/22 v3.00 AMS symbols B
)

LaTeX Warning: No \author given.

[1


{/var/lib/texmf/fonts/map/pdftex/updmap/pdftex.map}] (./Documentation.toc)
\tf@toc=\write4
\openout4 = `Documentation.toc'.

pdfTeX warning (ext4): destination with the same identifier (name{page.1}) has 
been already used, duplicate ignored
<to be read again> 
                   \relax 
l.23 \include{Notes}
                     [1

]
\openout2 = `Notes.aux'.

 (./Notes.tex
Underfull \hbox (badness 10000) in paragraph at lines 4--5

 []


Underfull \hbox (badness 10000) in paragraph at lines 11--16

 []


Underfull \hbox (badness 10000) in paragraph at lines 18--19

 []


Overfull \hbox (1.19717pt too wide) in paragraph at lines 21--27
[]\OT1/cmr/m/n/10.95 Deleted some jobs I started yes-ter-day be-cause they had 
ar-ti-fi-cial crosses
 []


Underfull \hbox (badness 10000) in paragraph at lines 21--27

 []


Overfull \hbox (0.49606pt too wide) in paragraph at lines 30--34
\OT1/cmr/m/n/10.95 pa-ram-e-ter \OT1/cmtt/m/n/10.95 hotHaloOutflowAngularMoment
umAlwaysGrows \OT1/cmr/m/n/10.95 to xml file. 
 []

[2

]
Chapter 1.

Overfull \hbox (115.7727pt too wide) in paragraph at lines 49--49
 []\OT1/cmtt/m/n/10.95 83492 0.60500 d31c_1_sta harre   r     02/10/2012 15:19:
56 intel.q@astro18  16[] 
 []


Overfull \hbox (115.7727pt too wide) in paragraph at lines 49--49
 []\OT1/cmtt/m/n/10.95 83493 0.60500 d31c_2_sta harre   r     02/10/2012 15:20:
37 intel.q@astro29  16[] 
 []


Overfull \hbox (115.7727pt too wide) in paragraph at lines 49--49
 []\OT1/cmtt/m/n/10.95 83494 0.60500 d31c_3_sta harre   r     02/10/2012 15:21:
17 intel.q@astro25  16[] 
 []


Overfull \hbox (115.7727pt too wide) in paragraph at lines 49--49
 []\OT1/cmtt/m/n/10.95 83495 0.60500 d51c_sl100 harre   r     02/10/2012 15:23:
21 intel.q@astro31  16[] 
 []


Overfull \hbox (115.7727pt too wide) in paragraph at lines 49--49
 []\OT1/cmtt/m/n/10.95 83496 0.54786 d3+3c_sl50 harre   r     02/10/2012 15:37:
13 intel.q@astro12  16[] 
 []


Overfull \hbox (115.7727pt too wide) in paragraph at lines 49--49
 []\OT1/cmtt/m/n/10.95 83497 0.60500 d3+3c_sl50 harre   r     02/10/2012 15:39:
16 intel.q@astro30  32[] 
 []


Overfull \hbox (115.7727pt too wide) in paragraph at lines 49--49
 []\OT1/cmtt/m/n/10.95 83498 0.60500 d15+3c_sl5 harre   r     02/10/2012 15:44:
23 intel.q@astro30  16[] 
 []


Underfull \hbox (badness 10000) in paragraph at lines 52--55

 []


Underfull \hbox (badness 10000) in paragraph at lines 57--63

 []

[3

]) [4]
\openout2 = `Sim_r128.aux'.

 (./Sim_r128.tex
Chapter 2.
<drdx_3/rotate_00185.jpg, id=107, 1927.2pt x 1445.4pt>
File: drdx_3/rotate_00185.jpg Graphic file (type jpg)

<use drdx_3/rotate_00185.jpg>
<drdx_3/rotate_00136.jpg, id=108, 1927.2pt x 1445.4pt>
File: drdx_3/rotate_00136.jpg Graphic file (type jpg)

<use drdx_3/rotate_00136.jpg>
Overfull \hbox (132.31645pt too wide) in paragraph at lines 7--9
[] [] 
 []

[5



 <./drdx_3/rotate_00185.jpg> <./drdx_3/rotate_00136.jpg>]
<drdx_h100_r128_1/1.png, id=114, 875.27pt x 839.135pt>
File: drdx_h100_r128_1/1.png Graphic file (type png)

<use drdx_h100_r128_1/1.png>
<drdx_h100_r128_1/2.png, id=115, 945.5325pt x 872.25874pt>
File: drdx_h100_r128_1/2.png Graphic file (type png)

<use drdx_h100_r128_1/2.png>
Overfull \hbox (125.00789pt too wide) in paragraph at lines 16--18
[] [] 
 []

[6 <./drdx_h100_r128_1/1.png (PNG copy)> <./drdx_h100_r128_1/2.png (PNG copy)>]
<drdx_h100_r128_2/1.png, id=121, 897.3525pt x 815.045pt>
File: drdx_h100_r128_2/1.png Graphic file (type png)

<use drdx_h100_r128_2/1.png>
<drdx_h100_r128_2/2.png, id=122, 894.34125pt x 805.0075pt>
File: drdx_h100_r128_2/2.png Graphic file (type png)

<use drdx_h100_r128_2/2.png>
Overfull \hbox (28.1408pt too wide) in paragraph at lines 25--28
[] []
 []

[7 <./drdx_h100_r128_2/1.png (PNG copy)> <./drdx_h100_r128_2/2.png (PNG copy)>]

Overfull \hbox (115.7727pt too wide) in paragraph at lines 35--35
 []\OT1/cmtt/m/n/10.95 Error: too few halos at scale factor 0.890265 to calcula
te consistency metric.[] 
 []


Overfull \hbox (98.52664pt too wide) in paragraph at lines 35--35
 []\OT1/cmtt/m/n/10.95 Please remove this and all earlier timesteps from the sc
ale file and rerun.[] 
 []

) [8]
\openout2 = `Sim_r256.aux'.

 (./Sim_r256.tex
<dr5d5_r256/rotate_00188.jpg, id=131, 1407.2575pt x 1226.5825pt>
File: dr5d5_r256/rotate_00188.jpg Graphic file (type jpg)

<use dr5d5_r256/rotate_00188.jpg>
<dr5d5_r256/rotate_00320.jpg, id=132, 1308.89pt x 1168.365pt>
File: dr5d5_r256/rotate_00320.jpg Graphic file (type jpg)

<use dr5d5_r256/rotate_00320.jpg>
Underfull \hbox (badness 10000) in paragraph at lines 4--6

 []

<dr5d5_r256/evolve_00160.jpg, id=133, 1252.68pt x 1104.125pt>
File: dr5d5_r256/evolve_00160.jpg Graphic file (type jpg)

<use dr5d5_r256/evolve_00160.jpg>
<dr5d5_r256/evolve_00304.jpg, id=134, 1214.5375pt x 1110.1475pt>
File: dr5d5_r256/evolve_00304.jpg Graphic file (type jpg)

<use dr5d5_r256/evolve_00304.jpg>
Underfull \hbox (badness 10000) in paragraph at lines 13--14

 []


Underfull \hbox (badness 10000) in paragraph at lines 18--19

 []

[9


 <./dr5d5_r256/rotate_00188.jpg> <./dr5d5_r256/rotate_00320.jpg> <./dr5d5_r256/
evolve_00160.jpg> <./dr5d5_r256/evolve_00304.jpg>]
<drd5_r256/rotate_00185.jpg, id=139, 1927.2pt x 1445.4pt>
File: drd5_r256/rotate_00185.jpg Graphic file (type jpg)

<use drd5_r256/rotate_00185.jpg>
<drd5_r256/rotate_00136.jpg, id=140, 1927.2pt x 1445.4pt>
File: drd5_r256/rotate_00136.jpg Graphic file (type jpg)

<use drd5_r256/rotate_00136.jpg>
<drd5_r256/Plot_Black_Hole_vs_Bulge_Mass.pdf, id=141, 324.21124pt x 240.9pt>
File: drd5_r256/Plot_Black_Hole_vs_Bulge_Mass.pdf Graphic file (type pdf)

<use drd5_r256/Plot_Black_Hole_vs_Bulge_Mass.pdf>
<drd5_r256/Plot_Star_Formation_History.pdf, id=142, 328.22626pt x 239.89626pt>
File: drd5_r256/Plot_Star_Formation_History.pdf Graphic file (type pdf)

<use drd5_r256/Plot_Star_Formation_History.pdf>
<drd5_r256/Plot_HI_Mass_Function.pdf, id=143, 333.245pt x 240.9pt>
File: drd5_r256/Plot_HI_Mass_Function.pdf Graphic file (type pdf)

<use drd5_r256/Plot_HI_Mass_Function.pdf>
Overfull \hbox (132.31645pt too wide) in paragraph at lines 33--38
[] []
 []


Overfull \hbox (61.27391pt too wide) in paragraph at lines 33--38
[] []
 []

[10 <./drd5_r256/rotate_00185.jpg> <./drd5_r256/rotate_00136.jpg> <./drd5_r256/
Plot_Black_Hole_vs_Bulge_Mass.pdf> <./drd5_r256/Plot_Star_Formation_History.pdf
> <./drd5_r256/Plot_HI_Mass_Function.pdf>]
Underfull \hbox (badness 10000) in paragraph at lines 49--51

 []

[11]

Package hyperref Warning: Token not allowed in a PDF string (PDFDocEncoding):
(hyperref)                removing `math shift' on input line 62.


Package hyperref Warning: Token not allowed in a PDF string (PDFDocEncoding):
(hyperref)                removing `\rightarrow' on input line 62.


Package hyperref Warning: Token not allowed in a PDF string (PDFDocEncoding):
(hyperref)                removing `math shift' on input line 62.

<drd5_r256_2/1.png, id=225, 969.6225pt x 887.315pt>
File: drd5_r256_2/1.png Graphic file (type png)
 <use drd5_r256_2/1.png>
<drd5_r256_2/2.png, id=226, 944.52875pt x 840.13875pt>
File: drd5_r256_2/2.png Graphic file (type png)
 <use drd5_r256_2/2.png>
Overfull \hbox (52.63187pt too wide) in paragraph at lines 64--66
[] [] 
 []


<drd5_r256_2/Plot_Black_Hole_vs_Bulge_Mass.pdf, id=227, 324.21124pt x 240.9pt>
File: drd5_r256_2/Plot_Black_Hole_vs_Bulge_Mass.pdf Graphic file (type pdf)

<use drd5_r256_2/Plot_Black_Hole_vs_Bulge_Mass.pdf>
<drd5_r256_2/Plot_Star_Formation_History.pdf, id=228, 328.22626pt x 239.89626pt
>
File: drd5_r256_2/Plot_Star_Formation_History.pdf Graphic file (type pdf)
 <use drd5_r256_2/Plot_Star_Formation_History.pdf>
<drd5_r256_2/Plot_HI_Mass_Function.pdf, id=229, 333.245pt x 240.9pt>
File: drd5_r256_2/Plot_HI_Mass_Function.pdf Graphic file (type pdf)

<use drd5_r256_2/Plot_HI_Mass_Function.pdf>
Overfull \hbox (61.27391pt too wide) in paragraph at lines 67--70
[][] []
 []


Underfull \hbox (badness 10000) in paragraph at lines 71--80

 []

[12 <./drd5_r256_2/1.png (PNG copy)> <./drd5_r256_2/2.png (PNG copy)> <./drd5_r
256_2/Plot_Black_Hole_vs_Bulge_Mass.pdf> <./drd5_r256_2/Plot_Star_Formation_His
tory.pdf> <./drd5_r256_2/Plot_HI_Mass_Function.pdf>]
Overfull \hbox (35.29108pt too wide) in paragraph at lines 93--93
 []\OT1/cmtt/m/n/10.95 #3  0x487AA0 in __merger_tree_read_MOD_build_descendent_
pointers[] 
 []


Overfull \hbox (0.79895pt too wide) in paragraph at lines 93--93
 []\OT1/cmtt/m/n/10.95 #4  0x48ADC3 in __merger_tree_read_MOD_merger_tree_read_
do[] 
 []


Overfull \hbox (41.03976pt too wide) in paragraph at lines 93--93
 []\OT1/cmtt/m/n/10.95 #5  0x48205E in __merger_tree_construction_MOD_merger_tr
ee_create[] 
 []


Overfull \hbox (357.21759pt too wide) in paragraph at lines 93--93
 []\OT1/cmtt/m/n/10.95 #6  0x46F469 in __galacticus_tasks_evolve_tree_MOD_galac
ticus_task_evolve_tree._omp_fn.0 at galacticus.tasks.evolve_tree[] 
 []


Overfull \hbox (115.7727pt too wide) in paragraph at lines 93--93
 []\OT1/cmtt/m/n/10.95 #7  0x46F9C4 in __galacticus_tasks_evolve_tree_MOD_galac
ticus_task_evolve_tree[] 
 []


Underfull \hbox (badness 10000) in paragraph at lines 94--96

 []

[13] <drdx_3_r256/1.png, id=312, 911.405pt x 849.1725pt>
File: drdx_3_r256/1.png Graphic file (type png)

<use drdx_3_r256/1.png> <drdx_3_r256/2.png, id=313, 845.1575pt x 829.0975pt>
File: drdx_3_r256/2.png Graphic file (type png)

<use drdx_3_r256/2.png> <drdx_3_r256/4.png, id=314, 886.31125pt x 821.0675pt>
File: drdx_3_r256/4.png Graphic file (type png)

<use drdx_3_r256/4.png> <drdx_3_r256/3.png, id=315, 880.28876pt x 813.0375pt>
File: drdx_3_r256/3.png Graphic file (type png)

<use drdx_3_r256/3.png>
Overfull \hbox (21.11467pt too wide) in paragraph at lines 110--114
[] [] 
 []


Overfull \hbox (23.12213pt too wide) in paragraph at lines 110--114
[] [] 
 []


Underfull \hbox (badness 10000) in paragraph at lines 110--114

 []


<drdx_3_r256/Plot_Black_Hole_vs_Bulge_Mass.pdf, id=316, 324.21124pt x 240.9pt>
File: drdx_3_r256/Plot_Black_Hole_vs_Bulge_Mass.pdf Graphic file (type pdf)

<use drdx_3_r256/Plot_Black_Hole_vs_Bulge_Mass.pdf>
<drdx_3_r256/Plot_Star_Formation_History.pdf, id=317, 328.22626pt x 239.89626pt
>
File: drdx_3_r256/Plot_Star_Formation_History.pdf Graphic file (type pdf)
 <use drdx_3_r256/Plot_Star_Formation_History.pdf>
<drdx_3_r256/Plot_HI_Mass_Function.pdf, id=318, 333.245pt x 240.9pt>
File: drdx_3_r256/Plot_HI_Mass_Function.pdf Graphic file (type pdf)

<use drdx_3_r256/Plot_HI_Mass_Function.pdf>
Overfull \hbox (61.27391pt too wide) in paragraph at lines 115--118
[][] []
 []

[14 <./drdx_3_r256/1.png (PNG copy)> <./drdx_3_r256/2.png (PNG copy)> <./drdx_3
_r256/4.png (PNG copy)> <./drdx_3_r256/3.png (PNG copy)> <./drdx_3_r256/Plot_Bl
ack_Hole_vs_Bulge_Mass.pdf> <./drdx_3_r256/Plot_Star_Formation_History.pdf>]
Underfull \hbox (badness 10000) in paragraph at lines 119--121

 []


Underfull \hbox (badness 10000) in paragraph at lines 122--123

 []


Overfull \hbox (265.23859pt too wide) in paragraph at lines 134--134
 []\OT1/cmtt/m/n/10.95 #5  0x49B1B8 in __merger_tree_read_MOD_build_descendent_
pointers at merger_trees.construct.read.F90:1116[] 
 []


Overfull \hbox (224.99777pt too wide) in paragraph at lines 134--134
 []\OT1/cmtt/m/n/10.95 #6  0x49FF70 in __merger_tree_read_MOD_merger_tree_read_
do at merger_trees.construct.read.F90:767[] 
 []


Overfull \hbox (236.49515pt too wide) in paragraph at lines 134--134
 []\OT1/cmtt/m/n/10.95 #7  0x4923BE in __merger_tree_construction_MOD_merger_tr
ee_create at merger_trees.construct.F90:136[] 
 []


Overfull \hbox (403.20709pt too wide) in paragraph at lines 134--134
 []\OT1/cmtt/m/n/10.95 #8  0x4800C6 in __galacticus_tasks_evolve_tree_MOD_galac
ticus_task_evolve_tree._omp_fn.0 at galacticus.tasks.evolve_tree.F90:169[] 
 []


Overfull \hbox (460.69397pt too wide) in paragraph at lines 134--134
 []\OT1/cmtt/m/n/10.95 /sge-root/sge/AMD64/spool/astro13/job_scripts/83594: lin
e 22: 13318 Aborted                 (core dumped) ./Galacticus.exe drdx_3_r256.
xml[] 
 []


Underfull \hbox (badness 10000) in paragraph at lines 135--140

 []

[15 <./drdx_3_r256/Plot_HI_Mass_Function.pdf>]
<fuenfincr256_1/1.png, id=400, 973.6375pt x 867.24pt>
File: fuenfincr256_1/1.png Graphic file (type png)

<use fuenfincr256_1/1.png>
<fuenfincr256_1/2.png, id=401, 957.5775pt x 823.075pt>
File: fuenfincr256_1/2.png Graphic file (type png)

<use fuenfincr256_1/2.png>
Overfull \hbox (56.04454pt too wide) in paragraph at lines 154--156
[] [] 
 []


<fuenfincr256_1/Plot_Black_Hole_vs_Bulge_Mass.pdf, id=402, 324.21124pt x 240.9p
t>
File: fuenfincr256_1/Plot_Black_Hole_vs_Bulge_Mass.pdf Graphic file (type pdf)
 <use fuenfincr256_1/Plot_Black_Hole_vs_Bulge_Mass.pdf>
<fuenfincr256_1/Plot_Star_Formation_History.pdf, id=403, 328.22626pt x 239.8962
6pt>
File: fuenfincr256_1/Plot_Star_Formation_History.pdf Graphic file (type pdf)
 <use fuenfincr256_1/Plot_Star_Formation_History.pdf>
<fuenfincr256_1/Plot_HI_Mass_Function.pdf, id=404, 333.245pt x 240.9pt>
File: fuenfincr256_1/Plot_HI_Mass_Function.pdf Graphic file (type pdf)

<use fuenfincr256_1/Plot_HI_Mass_Function.pdf>
Overfull \hbox (61.27391pt too wide) in paragraph at lines 157--160
[][] []
 []


Overfull \hbox (41.03976pt too wide) in paragraph at lines 172--172
 []\OT1/cmtt/m/n/10.95 [3:46:48 PM CEST] Markus Haider: der fuenfincr256_1 hat 
a problem[] 
 []


Overfull \hbox (12.29633pt too wide) in paragraph at lines 172--172
 []\OT1/cmtt/m/n/10.95 [3:46:52 PM CEST] Markus Haider: der hat keine output gr
uppe[] 
 []

[16 <./fuenfincr256_1/1.png (PNG copy)> <./fuenfincr256_1/2.png (PNG copy)> <./
fuenfincr256_1/Plot_Black_Hole_vs_Bulge_Mass.pdf> <./fuenfincr256_1/Plot_Star_F
ormation_History.pdf> <./fuenfincr256_1/Plot_HI_Mass_Function.pdf>]
Overfull \hbox (23.7937pt too wide) in paragraph at lines 172--172
 []\OT1/cmtt/m/n/10.95 [3:47:34 PM CEST] Markus Haider: aber es scheint was zu 
fehlen[] 
 []


Underfull \hbox (badness 10000) in paragraph at lines 173--175

 []


Overfull \hbox (69.7832pt too wide) in paragraph at lines 182--182
 []\OT1/cmtt/m/n/10.95 gsl: ../../../../roots/brent.c:57: ERROR: function value
 is not finite[] 
 []


Underfull \hbox (badness 10000) in paragraph at lines 183--185

 []

[17]

Package hyperref Warning: Token not allowed in a PDF string (PDFDocEncoding):
(hyperref)                removing `math shift' on input line 203.


Package hyperref Warning: Token not allowed in a PDF string (PDFDocEncoding):
(hyperref)                removing `\rightarrow' on input line 203.


Package hyperref Warning: Token not allowed in a PDF string (PDFDocEncoding):
(hyperref)                removing `math shift' on input line 203.

<fuenfincr256_2/1.png, id=486, 1927.2pt x 1084.05pt>
File: fuenfincr256_2/1.png Graphic file (type png)

<use fuenfincr256_2/1.png>
<fuenfincr256_2/2.png, id=487, 1927.2pt x 1084.05pt>
File: fuenfincr256_2/2.png Graphic file (type png)

<use fuenfincr256_2/2.png>
Overfull \hbox (132.31645pt too wide) in paragraph at lines 205--207
[] [] 
 []


<fuenfincr256_2/Plot_Black_Hole_vs_Bulge_Mass.pdf, id=488, 324.21124pt x 240.9p
t>
File: fuenfincr256_2/Plot_Black_Hole_vs_Bulge_Mass.pdf Graphic file (type pdf)
 <use fuenfincr256_2/Plot_Black_Hole_vs_Bulge_Mass.pdf>
<fuenfincr256_2/Plot_Star_Formation_History.pdf, id=489, 328.22626pt x 239.8962
6pt>
File: fuenfincr256_2/Plot_Star_Formation_History.pdf Graphic file (type pdf)
 <use fuenfincr256_2/Plot_Star_Formation_History.pdf>
<fuenfincr256_2/Plot_HI_Mass_Function.pdf, id=490, 333.245pt x 240.9pt>
File: fuenfincr256_2/Plot_HI_Mass_Function.pdf Graphic file (type pdf)

<use fuenfincr256_2/Plot_HI_Mass_Function.pdf>
Overfull \hbox (61.27391pt too wide) in paragraph at lines 208--211
[][] []
 []


Underfull \hbox (badness 10000) in paragraph at lines 222--224

 []

[18 <./fuenfincr256_2/1.png (PNG copy)> <./fuenfincr256_2/2.png (PNG copy)> <./
fuenfincr256_2/Plot_Black_Hole_vs_Bulge_Mass.pdf> <./fuenfincr256_2/Plot_Star_F
ormation_History.pdf> <./fuenfincr256_2/Plot_HI_Mass_Function.pdf>] [19]
<gendrkl1r2_1c_1/1.png, id=573, 1927.2pt x 1084.05pt>
File: gendrkl1r2_1c_1/1.png Graphic file (type png)

<use gendrkl1r2_1c_1/1.png>
<gendrkl1r2_1c_1/2.png, id=574, 1927.2pt x 1084.05pt>
File: gendrkl1r2_1c_1/2.png Graphic file (type png)

<use gendrkl1r2_1c_1/2.png>
Overfull \hbox (52.80824pt too wide) in paragraph at lines 239--241
[] 
 []


Overfull \hbox (52.80824pt too wide) in paragraph at lines 239--241
[] 
 []


<gendrkl1r2_1c_1/Plot_Black_Hole_vs_Bulge_Mass.pdf, id=575, 324.21124pt x 240.9
pt>
File: gendrkl1r2_1c_1/Plot_Black_Hole_vs_Bulge_Mass.pdf Graphic file (type pdf)

 <use gendrkl1r2_1c_1/Plot_Black_Hole_vs_Bulge_Mass.pdf>
<gendrkl1r2_1c_1/Plot_Star_Formation_History.pdf, id=576, 328.22626pt x 239.896
26pt>
File: gendrkl1r2_1c_1/Plot_Star_Formation_History.pdf Graphic file (type pdf)
 <use gendrkl1r2_1c_1/Plot_Star_Formation_History.pdf>
<gendrkl1r2_1c_1/Plot_HI_Mass_Function.pdf, id=577, 333.245pt x 240.9pt>
File: gendrkl1r2_1c_1/Plot_HI_Mass_Function.pdf Graphic file (type pdf)

<use gendrkl1r2_1c_1/Plot_HI_Mass_Function.pdf>
Overfull \hbox (61.27391pt too wide) in paragraph at lines 242--245
[][] []
 []

[20 <./gendrkl1r2_1c_1/1.png (PNG copy)> <./gendrkl1r2_1c_1/2.png (PNG copy)>]
Underfull \hbox (badness 10000) in paragraph at lines 250--251

 []


Underfull \hbox (badness 10000) in paragraph at lines 252--253

 []


Overfull \hbox (242.24384pt too wide) in paragraph at lines 322--322
 []\OT1/cmtt/m/n/10.95 diff gendrkl1r2_1c_1/graficIO_gendrkl1r2_1c_1.out r128/h
100/gendrkl1_1c_1/graficIO_gendrkl1_1c_1.out[] 
 []


Overfull \hbox (92.77795pt too wide) in paragraph at lines 322--322
 []\OT1/cmtt/m/n/10.95 <  Particle lattice size: np1,np2,np3=         256      
   256         256[] 
 []


Overfull \hbox (92.77795pt too wide) in paragraph at lines 322--322
 []\OT1/cmtt/m/n/10.95 >  Particle lattice size: np1,np2,np3=         128      
   128         128[] 
 []

[21 <./gendrkl1r2_1c_1/Plot_Black_Hole_vs_Bulge_Mass.pdf> <./gendrkl1r2_1c_1/Pl
ot_Star_Formation_History.pdf> <./gendrkl1r2_1c_1/Plot_HI_Mass_Function.pdf>]
Overfull \hbox (0.79895pt too wide) in paragraph at lines 322--322
 []\OT1/cmtt/m/n/10.95 <  chosen:  0.12500000       0.0000000      5.00000007E-
02[] 
 []


Overfull \hbox (35.29108pt too wide) in paragraph at lines 322--322
 []\OT1/cmtt/m/n/10.95 <  npart, L_x, L_y, L_z= 16777216    32.00    32.00    3
2.00 Mpc[] 
 []


Overfull \hbox (0.79895pt too wide) in paragraph at lines 322--322
 []\OT1/cmtt/m/n/10.95 >  chosen:  0.25000000       0.0000000      5.00000007E-
02[] 
 []


Overfull \hbox (35.29108pt too wide) in paragraph at lines 322--322
 []\OT1/cmtt/m/n/10.95 >  npart, L_x, L_y, L_z=  2097152    32.00    32.00    3
2.00 Mpc[] 
 []


Overfull \hbox (0.79895pt too wide) in paragraph at lines 322--322
 []\OT1/cmtt/m/n/10.95 <           ak,akmax=   16.100662       16.0000054755545
34[] 
 []


Overfull \hbox (0.79895pt too wide) in paragraph at lines 322--322
 []\OT1/cmtt/m/n/10.95 >           ak,akmax=   16.068306       16.0000054755545
34[] 
 []


Overfull \hbox (87.02927pt too wide) in paragraph at lines 322--322
 []\OT1/cmtt/m/n/10.95 <       Mean sigma_delta, sigma_psi=   4.8100653       4
.7177238      Mpc[] 
 []


Overfull \hbox (29.54239pt too wide) in paragraph at lines 322--322
 []\OT1/cmtt/m/n/10.95 <       Chisq, dof, nu=   16781832.        16777215  0.7
9710007[] 
 []


Overfull \hbox (87.02927pt too wide) in paragraph at lines 322--322
 []\OT1/cmtt/m/n/10.95 >       Mean sigma_delta, sigma_psi=   4.1531582       4
.7162638      Mpc[] 
 []


Overfull \hbox (29.54239pt too wide) in paragraph at lines 322--322
 []\OT1/cmtt/m/n/10.95 >       Chisq, dof, nu=   2095840.0         2097151 -0.6
4012647[] 
 []


Overfull \hbox (52.53714pt too wide) in paragraph at lines 322--322
 []\OT1/cmtt/m/n/10.95 <  Constraint   1:  Sampled, desired= 0.28453870E-02 0.2
5000000E-01[] 
 []


Overfull \hbox (52.53714pt too wide) in paragraph at lines 322--322
 []\OT1/cmtt/m/n/10.95 >  Constraint   1:  Sampled, desired=-0.64672055E-02 0.2
5000000E-01[] 
 []


Overfull \hbox (58.28583pt too wide) in paragraph at lines 322--322
 []\OT1/cmtt/m/n/10.95 <       sigma_delta, sigma_psi=   4.9692168       7.6522
889      Mpc[] 
 []


Overfull \hbox (87.02927pt too wide) in paragraph at lines 322--322
 []\OT1/cmtt/m/n/10.95 <       Maximum delta, displacement=   27.548712       1
7.026833      Mpc[] 
 []


Overfull \hbox (58.28583pt too wide) in paragraph at lines 322--322
 []\OT1/cmtt/m/n/10.95 >       sigma_delta, sigma_psi=   4.2376528       6.6093
922      Mpc[] 
 []


Overfull \hbox (87.02927pt too wide) in paragraph at lines 322--322
 []\OT1/cmtt/m/n/10.95 >       Maximum delta, displacement=   22.542503       1
4.168747      Mpc[] 
 []


Overfull \hbox (0.79895pt too wide) in paragraph at lines 322--322
 []\OT1/cmtt/m/n/10.95 <  Scaling density and displacements to a=  2.75129788E-
02[] 
 []


Overfull \hbox (0.79895pt too wide) in paragraph at lines 322--322
 []\OT1/cmtt/m/n/10.95 >  Scaling density and displacements to a=  3.36233079E-
02[] 
 []


Overfull \hbox (46.78845pt too wide) in paragraph at lines 322--322
 []\OT1/cmtt/m/n/10.95 <  For a=astart: linear sigma, delmax=  0.18037927      
0.99999994[] 
 []

[22]
Overfull \hbox (52.53714pt too wide) in paragraph at lines 322--322
 []\OT1/cmtt/m/n/10.95 <  RMS, max. 3-D displacement=  0.27777302      0.618062
73      Mpc[] 
 []


Overfull \hbox (46.78845pt too wide) in paragraph at lines 322--322
 []\OT1/cmtt/m/n/10.95 >  For a=astart: linear sigma, delmax=  0.18798503      
 1.0000000[] 
 []


Overfull \hbox (52.53714pt too wide) in paragraph at lines 322--322
 []\OT1/cmtt/m/n/10.95 >  RMS, max. 3-D displacement=  0.29319692      0.628534
73      Mpc[] 
 []

) [23] (./Documentation.aux (./Notes.aux) (./Sim_r128.aux) (./Sim_r256.aux)) ) 
Here is how much of TeX's memory you used:
 6501 strings out of 495021
 91886 string characters out of 1181034
 165768 words of memory out of 3000000
 9467 multiletter control sequences out of 15000+50000
 13693 words of font info for 51 fonts, out of 3000000 for 9000
 28 hyphenation exceptions out of 8191
 38i,6n,41p,282b,570s stack positions out of 5000i,500n,10000p,200000b,50000s
<
/usr/share/texmf-texlive/fonts/type1/public/amsfonts/cm/cmbx10.pfb></usr/share/
texmf-texlive/fonts/type1/public/amsfonts/cm/cmbx12.pfb></usr/share/texmf-texli
ve/fonts/type1/public/amsfonts/cm/cmcsc10.pfb></usr/share/texmf-texlive/fonts/t
ype1/public/amsfonts/cm/cmr10.pfb></usr/share/texmf-texlive/fonts/type1/public/
amsfonts/cm/cmr12.pfb></usr/share/texmf-texlive/fonts/type1/public/amsfonts/cm/
cmr17.pfb></usr/share/texmf-texlive/fonts/type1/public/amsfonts/cm/cmsl10.pfb><
/usr/share/texmf-texlive/fonts/type1/public/amsfonts/cm/cmsy10.pfb></usr/share/
texmf-texlive/fonts/type1/public/amsfonts/cm/cmtt10.pfb>
Output written on Documentation.pdf (24 pages, 7318416 bytes).
PDF statistics:
 708 PDF objects out of 1000 (max. 8388607)
 40 named destinations out of 1000 (max. 500000)
 331 words of extra memory for PDF output out of 10000 (max. 10000000)

