\BOOKMARK [0][-]{chapter.1}{Notes}{}
\BOOKMARK [0][-]{chapter.2}{Simulations}{}
\BOOKMARK [1][-]{section.2.1}{r128}{chapter.2}
\BOOKMARK [2][-]{subsection.2.1.1}{drdx\1373}{section.2.1}
\BOOKMARK [2][-]{subsection.2.1.2}{drdx\137h100\137r128\1371}{section.2.1}
\BOOKMARK [2][-]{subsection.2.1.3}{drdx\137h100\137r128\1372}{section.2.1}
\BOOKMARK [2][-]{subsection.2.1.4}{drkltest+3c+sl50\1371}{section.2.1}
\BOOKMARK [1][-]{section.2.2}{r256}{chapter.2}
\BOOKMARK [2][-]{subsection.2.2.1}{dr5d5\137r256}{section.2.2}
\BOOKMARK [2][-]{subsection.2.2.2}{drd5\137r256 \(\)}{section.2.2}
\BOOKMARK [2][-]{subsection.2.2.3}{drd5\137r256\1372 \(+ major merger in progress\)}{section.2.2}
\BOOKMARK [2][-]{subsection.2.2.4}{drdx\1373\137r256}{section.2.2}
\BOOKMARK [2][-]{subsection.2.2.5}{fuenfincr256\1371}{section.2.2}
\BOOKMARK [2][-]{subsection.2.2.6}{fuenfincr256\1372 \040dump!}{section.2.2}
\BOOKMARK [2][-]{subsection.2.2.7}{gendrkl1r2\1371c\1371}{section.2.2}
\BOOKMARK [2][-]{subsection.2.2.8}{NGenIC\13715039}{section.2.2}
\BOOKMARK [2][-]{subsection.2.2.9}{NGenIC\13726214}{section.2.2}
\BOOKMARK [2][-]{subsection.2.2.10}{stages\13707}{section.2.2}
\BOOKMARK [2][-]{subsection.2.2.11}{stages\13712}{section.2.2}
\BOOKMARK [2][-]{subsection.2.2.12}{stages\13713}{section.2.2}
\BOOKMARK [2][-]{subsection.2.2.13}{stages\13714}{section.2.2}
\BOOKMARK [2][-]{subsection.2.2.14}{stages\13718}{section.2.2}
\BOOKMARK [2][-]{subsection.2.2.15}{stages\13719}{section.2.2}
\BOOKMARK [2][-]{subsection.2.2.16}{stages\13720}{section.2.2}
\BOOKMARK [2][-]{subsection.2.2.17}{stages\13721}{section.2.2}
\BOOKMARK [2][-]{subsection.2.2.18}{stages\13737}{section.2.2}
