33.1995 0.281419 0.281419 0 0 0 
5.91448 0.318409 0.318409 0 0 0 
3.49305 0.34094 0.34094 0 0 0 
2.4656 0.359415 0.359415 0 0 0 
1.87627 0.374574 0.374574 0 0 0 
1.4868 0.386504 0.386504 0 0 0 
1.20699 0.39768 0.39768 0 0 0 
0.994563 0.407673 0.407673 0 0 0 
0.826824 0.418124 0.418124 0 0 0 
0.690411 0.424985 0.424985 0 0 0 
0.576907 0.432351 0.432351 0 0 0 
0.480714 0.438047 0.438047 0 0 0 
0.397966 0.444436 0.444436 0 0 0 
0.325885 0.452481 0.452481 0 0 0 
0.26243 0.463192 0.463192 0 0 0 
0.206059 0.47624 0.47624 0 0 0 
0.155587 0.484159 0.484159 0 0 0 
0.110084 0.490085 0.490085 0 0 0 
0.0688111 0.494435 0.494435 0 0 0 
0.0311723 0.49816 0.49816 0 0 0 
