33.1995 0.281631 0.281631 0 0 0 
5.91448 0.31891 0.31891 0 0 0 
3.49305 0.342255 0.342255 0 0 0 
2.4656 0.360416 0.360416 0 0 0 
1.87627 0.375701 0.375701 0 0 0 
1.4868 0.387847 0.387847 0 0 0 
1.20699 0.398638 0.398638 0 0 0 
0.994563 0.409487 0.409487 0 0 0 
0.826824 0.419533 0.419533 0 0 0 
0.690411 0.42719 0.42719 0 0 0 
0.576907 0.434656 0.434656 0 0 0 
0.480714 0.441563 0.441563 0 0 0 
0.397966 0.449695 0.449695 0 0 0 
0.325885 0.461652 0.461652 0 0 0 
0.26243 0.474961 0.474961 0 0 0 
0.206059 0.483592 0.483592 0 0 0 
0.155587 0.489387 0.489387 0 0 0 
0.110084 0.4941 0.4941 0 0 0 
0.0688111 0.498215 0.498215 0 0 0 
0.0311724 0.50158 0.50158 0 0 0 
