3.6416 0.400797 0.400797 0 0 0 
2.54219 0.447674 0.447674 0 0 0 
1.92402 0.488633 0.488633 0 0 0 
1.51984 0.530896 0.530896 0 0 0 
1.23145 0.589428 0.589428 0 0 0 
1.01351 0.649823 0.649823 0 0 0 
0.842014 0.695919 0.695919 0 0 0 
0.70291 0.737704 0.737704 0 0 0 
0.5874 0.771314 0.771314 0 0 0 
0.489676 0.810543 0.810543 0 0 0 
0.40572 0.837335 0.837335 0 0 0 
0.332676 0.862315 0.862315 0 0 0 
0.268434 0.885611 0.885611 0 0 0 
0.211413 0.911523 0.911523 0 0 0 
0.160397 0.935698 0.935698 0 0 0 
0.114433 0.962809 0.962809 0 0 0 
0.0727657 0.997618 0.997618 0 0 0 
0.0347864 1.03027 1.03027 0 0 0 
3.6416 0.400797 0.400797 0 0 0 
2.54219 0.447674 0.447674 0 0 0 
1.92402 0.488633 0.488633 0 0 0 
1.51984 0.530896 0.530896 0 0 0 
1.23145 0.589428 0.589428 0 0 0 
1.01351 0.649823 0.649823 0 0 0 
0.842014 0.695919 0.695919 0 0 0 
0.70291 0.737704 0.737704 0 0 0 
0.5874 0.771314 0.771314 0 0 0 
0.489676 0.810543 0.810543 0 0 0 
0.40572 0.837335 0.837335 0 0 0 
0.332676 0.862315 0.862315 0 0 0 
0.268434 0.885611 0.885611 0 0 0 
0.211413 0.911523 0.911523 0 0 0 
0.160397 0.935698 0.935698 0 0 0 
0.114433 0.962809 0.962809 0 0 0 
0.0727657 0.997618 0.997618 0 0 0 
0.0347864 1.03027 1.03027 0 0 0 
