33.1995 0.143547 0.143547 0 0 0 
5.91448 0.1788 0.1788 0 0 0 
3.49305 0.20498 0.20498 0 0 0 
2.4656 0.226097 0.226097 0 0 0 
1.87627 0.242593 0.242593 0 0 0 
1.4868 0.256443 0.256443 0 0 0 
1.20699 0.267607 0.267607 0 0 0 
0.994563 0.276984 0.276984 0 0 0 
0.826824 0.284581 0.284581 0 0 0 
0.690411 0.291433 0.291433 0 0 0 
0.576907 0.298715 0.298715 0 0 0 
0.480714 0.305529 0.305529 0 0 0 
0.397966 0.310788 0.310788 0 0 0 
0.325885 0.315072 0.315072 0 0 0 
0.26243 0.3186 0.3186 0 0 0 
0.206059 0.321849 0.321849 0 0 0 
0.155587 0.325895 0.325895 0 0 0 
0.110084 0.329001 0.329001 0 0 0 
0.0688111 0.331606 0.331606 0 0 0 
0.0311724 0.333729 0.333729 0 0 0 
