33.1995 0.281742 0.281742 0 0 0 
5.91448 0.319663 0.319663 0 0 0 
3.49305 0.344105 0.344105 0 0 0 
2.4656 0.362005 0.362005 0 0 0 
1.87627 0.377137 0.377137 0 0 0 
1.4868 0.389419 0.389419 0 0 0 
1.20699 0.400347 0.400347 0 0 0 
0.994563 0.413081 0.413081 0 0 0 
0.826824 0.422502 0.422502 0 0 0 
0.690411 0.431149 0.431149 0 0 0 
0.576907 0.439732 0.439732 0 0 0 
0.480714 0.448703 0.448703 0 0 0 
0.397966 0.461156 0.461156 0 0 0 
0.325885 0.472291 0.472291 0 0 0 
0.26243 0.482401 0.482401 0 0 0 
0.206059 0.48939 0.48939 0 0 0 
0.155587 0.49455 0.49455 0 0 0 
0.110084 0.498844 0.498844 0 0 0 
0.0688111 0.503015 0.503015 0 0 0 
0.0311723 0.50632 0.50632 0 0 0 
