33.1995 0.139422 0.139422 0 0 0 
5.91448 0.158966 0.158966 0 0 0 
3.49305 0.17175 0.17175 0 0 0 
2.4656 0.180001 0.180001 0 0 0 
1.87627 0.18736 0.18736 0 0 0 
1.4868 0.193981 0.193981 0 0 0 
1.20699 0.200858 0.200858 0 0 0 
0.994563 0.206404 0.206404 0 0 0 
0.826824 0.211956 0.211956 0 0 0 
0.690411 0.217941 0.217941 0 0 0 
0.576907 0.22454 0.22454 0 0 0 
0.480714 0.229495 0.229495 0 0 0 
0.397966 0.234017 0.234017 0 0 0 
0.325885 0.238825 0.238825 0 0 0 
0.26243 0.242282 0.242282 0 0 0 
0.206059 0.245386 0.245386 0 0 0 
0.155587 0.24803 0.24803 0 0 0 
0.110084 0.250159 0.250159 0 0 0 
0.0688111 0.251635 0.251635 0 0 0 
0.0311723 0.252823 0.252823 0 0 0 
