32.8513 0.143497 0.143497 0 0 0 
10.0279 0.162422 0.162422 0 0 0 
6.41334 0.175752 0.175752 0 0 0 
4.78684 0.187058 0.187058 0 0 0 
3.82959 0.197203 0.197203 0 0 0 
3.18696 0.206522 0.206522 0 0 0 
2.71998 0.215612 0.215612 0 0 0 
2.36211 0.223144 0.223144 0 0 0 
2.07716 0.230162 0.230162 0 0 0 
1.8436 0.236812 0.236812 0 0 0 
1.64777 0.243034 0.243034 0 0 0 
1.48056 0.248296 0.248296 0 0 0 
1.33561 0.253179 0.253179 0 0 0 
1.20836 0.258156 0.258156 0 0 0 
1.09546 0.263069 0.263069 0 0 0 
0.994352 0.268546 0.268546 0 0 0 
0.903076 0.274977 0.274977 0 0 0 
0.820091 0.279948 0.279948 0 0 0 
0.744175 0.28478 0.28478 0 0 0 
0.674344 0.289945 0.289945 0 0 0 
0.609782 0.294347 0.294347 0 0 0 
0.549835 0.298266 0.298266 0 0 0 
0.493942 0.302214 0.302214 0 0 0 
0.441641 0.306499 0.306499 0 0 0 
0.39254 0.31094 0.31094 0 0 0 
0.346305 0.314224 0.314224 0 0 0 
0.302645 0.317152 0.317152 0 0 0 
0.261317 0.319769 0.319769 0 0 0 
0.222104 0.322566 0.322566 0 0 0 
0.18482 0.325256 0.325256 0 0 0 
0.1493 0.327744 0.327744 0 0 0 
0.1154 0.32999 0.32999 0 0 0 
0.082993 0.332238 0.332238 0 0 0 
0.0519661 0.334153 0.334153 0 0 0 
0.0222179 0.335861 0.335861 0 0 0 
