20.5443 0.299763 0.299763 0 0 0 
5.52477 0.383917 0.383917 0 0 0 
3.35584 0.450876 0.450876 0 0 0 
2.39302 0.509401 0.509401 0 0 0 
1.83044 0.560875 0.560875 0 0 0 
1.45481 0.604393 0.604393 0 0 0 
1.18319 0.638086 0.638086 0 0 0 
0.97605 0.671271 0.671271 0 0 0 
0.811942 0.699041 0.699041 0 0 0 
0.67814 0.722878 0.722878 0 0 0 
0.566583 0.742278 0.742278 0 0 0 
0.471887 0.761057 0.761057 0 0 0 
0.390316 0.779225 0.779225 0 0 0 
0.319179 0.793448 0.793448 0 0 0 
0.256496 0.804132 0.804132 0 0 0 
0.200764 0.813626 0.813626 0 0 0 
0.150827 0.822764 0.822764 0 0 0 
0.105778 0.831574 0.831574 0 0 0 
0.0648924 0.838262 0.838262 0 0 0 
0.0275887 0.843922 0.843922 0 0 0 
