33.1995 0.286039 0.286039 0 0 0 
5.91448 0.366987 0.366987 0 0 0 
3.49305 0.42202 0.42202 0 0 0 
2.4656 0.464729 0.464729 0 0 0 
1.87627 0.498274 0.498274 0 0 0 
1.4868 0.527324 0.527324 0 0 0 
1.20699 0.551579 0.551579 0 0 0 
0.994563 0.570444 0.570444 0 0 0 
0.826824 0.585292 0.585292 0 0 0 
0.690411 0.597452 0.597452 0 0 0 
0.576907 0.60964 0.60964 0 0 0 
0.480714 0.620574 0.620574 0 0 0 
0.397966 0.629663 0.629663 0 0 0 
0.325885 0.637909 0.637909 0 0 0 
0.26243 0.645529 0.645529 0 0 0 
0.206059 0.652367 0.652367 0 0 0 
0.155587 0.659035 0.659035 0 0 0 
0.110084 0.664424 0.664424 0 0 0 
0.0688111 0.669002 0.669002 0 0 0 
0.0311724 0.673112 0.673112 0 0 0 
