20.5443 0.290046 0.290046 0 0 0 
5.52477 0.338096 0.338096 0 0 0 
3.35584 0.367184 0.367184 0 0 0 
2.39302 0.387715 0.387715 0 0 0 
1.83044 0.404988 0.404988 0 0 0 
1.45481 0.415876 0.415876 0 0 0 
1.18319 0.425778 0.425778 0 0 0 
0.97605 0.43518 0.43518 0 0 0 
0.811942 0.444359 0.444359 0 0 0 
0.67814 0.454092 0.454092 0 0 0 
0.566583 0.46662 0.46662 0 0 0 
0.471887 0.480314 0.480314 0 0 0 
0.390316 0.495576 0.495576 0 0 0 
0.319179 0.50547 0.50547 0 0 0 
0.256496 0.514274 0.514274 0 0 0 
0.200764 0.521293 0.521293 0 0 0 
0.150827 0.526808 0.526808 0 0 0 
0.105778 0.531157 0.531157 0 0 0 
0.0648924 0.535001 0.535001 0 0 0 
0.0275887 0.538136 0.538136 0 0 0 
