32.8513 0.293011 0.293011 0 0 0 
10.0279 0.349903 0.349903 0 0 0 
6.41334 0.393067 0.393067 0 0 0 
4.78684 0.429708 0.429708 0 0 0 
3.82959 0.461417 0.461417 0 0 0 
3.18696 0.490702 0.490702 0 0 0 
2.71998 0.516386 0.516386 0 0 0 
2.36211 0.538609 0.538609 0 0 0 
2.07716 0.558627 0.558627 0 0 0 
1.8436 0.576341 0.576341 0 0 0 
1.64777 0.593668 0.593668 0 0 0 
1.48056 0.609198 0.609198 0 0 0 
1.33561 0.62457 0.62457 0 0 0 
1.20836 0.63855 0.63855 0 0 0 
1.09546 0.652529 0.652529 0 0 0 
0.994352 0.664256 0.664256 0 0 0 
0.903076 0.674626 0.674626 0 0 0 
0.820091 0.683758 0.683758 0 0 0 
0.744175 0.693509 0.693509 0 0 0 
0.674344 0.703745 0.703745 0 0 0 
0.609782 0.7126 0.7126 0 0 0 
0.549835 0.720083 0.720083 0 0 0 
0.493942 0.726847 0.726847 0 0 0 
0.441641 0.732939 0.732939 0 0 0 
0.39254 0.738474 0.738474 0 0 0 
0.346305 0.744147 0.744147 0 0 0 
0.302645 0.749617 0.749617 0 0 0 
0.261317 0.754659 0.754659 0 0 0 
0.222104 0.759783 0.759783 0 0 0 
0.18482 0.764635 0.764635 0 0 0 
0.1493 0.769104 0.769104 0 0 0 
0.1154 0.773369 0.773369 0 0 0 
0.082993 0.777401 0.777401 0 0 0 
0.0519661 0.78119 0.78119 0 0 0 
0.0222179 0.78457 0.78457 0 0 0 
