33.1995 0.290253 0.290253 0 0 0 
5.91448 0.386983 0.386983 0 0 0 
3.49305 0.455286 0.455286 0 0 0 
2.4656 0.510533 0.510533 0 0 0 
1.87627 0.552973 0.552973 0 0 0 
1.4868 0.589301 0.589301 0 0 0 
1.20699 0.617297 0.617297 0 0 0 
0.994563 0.64326 0.64326 0 0 0 
0.826824 0.661786 0.661786 0 0 0 
0.690411 0.677553 0.677553 0 0 0 
0.576907 0.693984 0.693984 0 0 0 
0.480714 0.708196 0.708196 0 0 0 
0.397966 0.718333 0.718333 0 0 0 
0.325885 0.728305 0.728305 0 0 0 
0.26243 0.735895 0.735895 0 0 0 
0.206059 0.742753 0.742753 0 0 0 
0.155587 0.74937 0.74937 0 0 0 
0.110084 0.755161 0.755161 0 0 0 
0.0688111 0.760108 0.760108 0 0 0 
0.0311723 0.76539 0.76539 0 0 0 
