33.1995 0.281632 0.281632 0 0 0 
5.91448 0.319309 0.319309 0 0 0 
3.49305 0.343049 0.343049 0 0 0 
2.4656 0.361242 0.361242 0 0 0 
1.87627 0.376433 0.376433 0 0 0 
1.4868 0.388772 0.388772 0 0 0 
1.20699 0.399536 0.399536 0 0 0 
0.994563 0.411117 0.411117 0 0 0 
0.826824 0.420991 0.420991 0 0 0 
0.690411 0.428958 0.428958 0 0 0 
0.576907 0.436963 0.436963 0 0 0 
0.480714 0.444284 0.444284 0 0 0 
0.397966 0.454071 0.454071 0 0 0 
0.325885 0.467154 0.467154 0 0 0 
0.26243 0.479041 0.479041 0 0 0 
0.206059 0.486561 0.486561 0 0 0 
0.155587 0.491666 0.491666 0 0 0 
0.110084 0.496111 0.496111 0 0 0 
0.0688111 0.500307 0.500307 0 0 0 
0.0311723 0.503612 0.503612 0 0 0 
