33.1995 0.277133 0.277133 0 0 0 
5.91448 0.314252 0.314252 0 0 0 
3.49305 0.337191 0.337191 0 0 0 
2.4656 0.355715 0.355715 0 0 0 
1.87627 0.370667 0.370667 0 0 0 
1.4868 0.383033 0.383033 0 0 0 
1.20699 0.393825 0.393825 0 0 0 
0.994563 0.403451 0.403451 0 0 0 
0.826824 0.41461 0.41461 0 0 0 
0.690411 0.423205 0.423205 0 0 0 
0.576907 0.4298 0.4298 0 0 0 
0.480714 0.438122 0.438122 0 0 0 
0.397966 0.446535 0.446535 0 0 0 
0.325885 0.453775 0.453775 0 0 0 
0.26243 0.463606 0.463606 0 0 0 
0.206059 0.473619 0.473619 0 0 0 
0.155587 0.481968 0.481968 0 0 0 
0.110084 0.487737 0.487737 0 0 0 
0.0688111 0.491853 0.491853 0 0 0 
0.0311723 0.495182 0.495182 0 0 0 
