33.1995 0.292978 0.245676 0.0473014 0 0.0473014 
5.91448 0.364115 0.30467 0.0594452 0 0.0594452 
3.49305 0.438413 0.367025 0.0713876 0 0.0713876 
2.4656 0.516929 0.432522 0.0844069 0 0.0844069 
1.87627 0.584385 0.489054 0.0953313 0 0.0953313 
1.4868 0.65485 0.548175 0.106675 0 0.106675 
1.20699 0.712302 0.596107 0.116195 0 0.116195 
0.994563 0.776261 0.649683 0.126577 0 0.126577 
0.826824 0.855031 0.715871 0.13916 0 0.13916 
0.690411 0.900165 0.753404 0.146761 0 0.146761 
0.576907 0.934353 0.781931 0.152423 0 0.152423 
0.480714 0.964865 0.807473 0.157392 0 0.157392 
0.397966 0.989114 0.827744 0.161371 0 0.161371 
0.325885 1.01676 0.850905 0.16585 0 0.16585 
0.26243 1.04291 0.872918 0.169993 0 0.169993 
0.206059 1.06868 0.894703 0.173981 0 0.173981 
0.155587 1.08609 0.909237 0.176848 0 0.176848 
0.110084 1.10159 0.922122 0.179472 0 0.179472 
0.0688111 1.11677 0.934872 0.181902 0 0.181902 
0.0311723 1.13113 0.946781 0.184346 0 0.184346 
