33.1995 0.139374 0.139374 0 0 0 
5.91448 0.158721 0.158721 0 0 0 
3.49305 0.17125 0.17125 0 0 0 
2.4656 0.179617 0.179617 0 0 0 
1.87627 0.186933 0.186933 0 0 0 
1.4868 0.193441 0.193441 0 0 0 
1.20699 0.19992 0.19992 0 0 0 
0.994563 0.205371 0.205371 0 0 0 
0.826824 0.210631 0.210631 0 0 0 
0.690411 0.215637 0.215637 0 0 0 
0.576907 0.222513 0.222513 0 0 0 
0.480714 0.227731 0.227731 0 0 0 
0.397966 0.232488 0.232488 0 0 0 
0.325885 0.237478 0.237478 0 0 0 
0.26243 0.240978 0.240978 0 0 0 
0.206059 0.244334 0.244334 0 0 0 
0.155587 0.247102 0.247102 0 0 0 
0.110084 0.249478 0.249478 0 0 0 
0.0688111 0.251158 0.251158 0 0 0 
0.0311723 0.252459 0.252459 0 0 0 
