33.1995 0.291207 0.291207 0 0 0 
5.91448 0.369445 0.369445 0 0 0 
3.49305 0.430158 0.430158 0 0 0 
2.4656 0.486298 0.486298 0 0 0 
1.87627 0.536152 0.536152 0 0 0 
1.4868 0.58351 0.58351 0 0 0 
1.20699 0.628283 0.628283 0 0 0 
0.994563 0.666533 0.666533 0 0 0 
0.826824 0.696139 0.696139 0 0 0 
0.690411 0.723847 0.723847 0 0 0 
0.576907 0.74817 0.74817 0 0 0 
0.480714 0.772786 0.772786 0 0 0 
0.397966 0.790951 0.790951 0 0 0 
0.325885 0.806581 0.806581 0 0 0 
0.26243 0.819361 0.819361 0 0 0 
0.206059 0.8319 0.8319 0 0 0 
0.155587 0.842788 0.842788 0 0 0 
0.110084 0.852528 0.852528 0 0 0 
0.0688111 0.861663 0.861663 0 0 0 
0.0311723 0.869229 0.869229 0 0 0 
