33.1995 0.147628 0.147628 0 0 0 
5.91448 0.199506 0.199506 0 0 0 
3.49305 0.233161 0.233161 0 0 0 
2.4656 0.265043 0.265043 0 0 0 
1.87627 0.291084 0.291084 0 0 0 
1.4868 0.31082 0.31082 0 0 0 
1.20699 0.327115 0.327115 0 0 0 
0.994563 0.338904 0.338904 0 0 0 
0.826824 0.347871 0.347871 0 0 0 
0.690411 0.355644 0.355644 0 0 0 
0.576907 0.362764 0.362764 0 0 0 
0.480714 0.367913 0.367913 0 0 0 
0.397966 0.372597 0.372597 0 0 0 
0.325885 0.376556 0.376556 0 0 0 
0.26243 0.380164 0.380164 0 0 0 
0.206059 0.383029 0.383029 0 0 0 
0.155587 0.385596 0.385596 0 0 0 
0.110084 0.387786 0.387786 0 0 0 
0.0688111 0.389798 0.389798 0 0 0 
0.0311724 0.391649 0.391649 0 0 0 
