18.3465 0.311914 0.311914 0 0 0 
8.53325 0.360533 0.360533 0 0 0 
5.81385 0.400276 0.400276 0 0 0 
4.45265 0.434837 0.434837 0 0 0 
3.61225 0.465669 0.465669 0 0 0 
3.03229 0.493422 0.493422 0 0 0 
1.16003 0.639671 0.639671 0 0 0 
0.957963 0.662191 0.662191 0 0 0 
0.797359 0.68167 0.68167 0 0 0 
0.666089 0.698025 0.698025 0 0 0 
0.556425 0.712273 0.712273 0 0 0 
0.463191 0.724193 0.724193 0 0 0 
0.38277 0.734167 0.734167 0 0 0 
0.31256 0.742848 0.742848 0 0 0 
0.250632 0.75099 0.75099 0 0 0 
0.195526 0.757644 0.757644 0 0 0 
0.146115 0.763778 0.763778 0 0 0 
0.101512 0.769501 0.769501 0 0 0 
0.0610091 0.774384 0.774384 0 0 0 
0.0240362 0.778657 0.778657 0 0 0 
