33.1995 0.292223 0.292223 0 0 0 
5.91448 0.368306 0.368306 0 0 0 
3.49305 0.427778 0.427778 0 0 0 
2.4656 0.483914 0.483914 0 0 0 
1.87627 0.534195 0.534195 0 0 0 
1.4868 0.580778 0.580778 0 0 0 
1.20699 0.62529 0.62529 0 0 0 
0.994563 0.664027 0.664027 0 0 0 
0.826824 0.693714 0.693714 0 0 0 
0.690411 0.722175 0.722175 0 0 0 
0.576907 0.747307 0.747307 0 0 0 
0.480714 0.772519 0.772519 0 0 0 
0.397966 0.789917 0.789917 0 0 0 
0.325885 0.805289 0.805289 0 0 0 
0.26243 0.818319 0.818319 0 0 0 
0.206059 0.82954 0.82954 0 0 0 
0.155587 0.839851 0.839851 0 0 0 
0.110084 0.850094 0.850094 0 0 0 
0.0688111 0.85951 0.85951 0 0 0 
0.0311723 0.867681 0.867681 0 0 0 
