33.1995 0.143502 0.143502 0 0 0 
5.91448 0.175802 0.175802 0 0 0 
3.49305 0.195955 0.195955 0 0 0 
2.4656 0.213562 0.213562 0 0 0 
1.87627 0.228488 0.228488 0 0 0 
1.4868 0.238335 0.238335 0 0 0 
1.20699 0.249712 0.249712 0 0 0 
0.994563 0.259114 0.259114 0 0 0 
0.826824 0.267208 0.267208 0 0 0 
0.690411 0.27621 0.27621 0 0 0 
0.576907 0.282415 0.282415 0 0 0 
0.480714 0.286727 0.286727 0 0 0 
0.397966 0.290764 0.290764 0 0 0 
0.325885 0.293982 0.293982 0 0 0 
0.26243 0.296985 0.296985 0 0 0 
0.206059 0.299233 0.299233 0 0 0 
0.155587 0.30161 0.30161 0 0 0 
0.110084 0.30363 0.30363 0 0 0 
0.0688111 0.305987 0.305987 0 0 0 
0.0311724 0.307976 0.307976 0 0 0 
