20.5443 0.308261 0.308261 0 0 0 
5.52477 0.411148 0.411148 0 0 0 
3.35584 0.482469 0.482469 0 0 0 
2.39302 0.536884 0.536884 0 0 0 
1.83044 0.578153 0.578153 0 0 0 
1.45481 0.612579 0.612579 0 0 0 
1.18319 0.641718 0.641718 0 0 0 
0.97605 0.666567 0.666567 0 0 0 
0.811942 0.684976 0.684976 0 0 0 
0.67814 0.702698 0.702698 0 0 0 
0.566583 0.718551 0.718551 0 0 0 
0.471887 0.729663 0.729663 0 0 0 
0.390316 0.739082 0.739082 0 0 0 
0.319179 0.747863 0.747863 0 0 0 
0.256496 0.756064 0.756064 0 0 0 
0.200764 0.763209 0.763209 0 0 0 
0.150827 0.769238 0.769238 0 0 0 
0.105778 0.774733 0.774733 0 0 0 
0.0648924 0.77997 0.77997 0 0 0 
0.0275887 0.784302 0.784302 0 0 0 
