33.1995 0.139331 0.139331 0 0 0 
5.91448 0.158218 0.158218 0 0 0 
3.49305 0.170073 0.170073 0 0 0 
2.4656 0.179282 0.179282 0 0 0 
1.87627 0.186441 0.186441 0 0 0 
1.4868 0.192805 0.192805 0 0 0 
1.20699 0.19881 0.19881 0 0 0 
0.994563 0.204433 0.204433 0 0 0 
0.826824 0.209459 0.209459 0 0 0 
0.690411 0.214 0.214 0 0 0 
0.576907 0.21934 0.21934 0 0 0 
0.480714 0.225926 0.225926 0 0 0 
0.397966 0.231024 0.231024 0 0 0 
0.325885 0.235993 0.235993 0 0 0 
0.26243 0.239939 0.239939 0 0 0 
0.206059 0.24323 0.24323 0 0 0 
0.155587 0.245886 0.245886 0 0 0 
0.110084 0.248525 0.248525 0 0 0 
0.0688111 0.250632 0.250632 0 0 0 
0.0311723 0.252113 0.252113 0 0 0 
