20.5443 0.303157 0.303157 0 0 0 
5.52477 0.399384 0.399384 0 0 0 
3.35584 0.476303 0.476303 0 0 0 
2.39302 0.542544 0.542544 0 0 0 
1.83044 0.600422 0.600422 0 0 0 
1.45481 0.64969 0.64969 0 0 0 
1.18319 0.692152 0.692152 0 0 0 
0.97605 0.739339 0.739339 0 0 0 
0.811942 0.782963 0.782963 0 0 0 
0.67814 0.81417 0.81417 0 0 0 
0.566583 0.841788 0.841788 0 0 0 
0.471887 0.866974 0.866974 0 0 0 
0.390316 0.89133 0.89133 0 0 0 
0.319179 0.911973 0.911973 0 0 0 
0.256496 0.9307 0.9307 0 0 0 
0.200764 0.945766 0.945766 0 0 0 
0.150827 0.957058 0.957058 0 0 0 
0.105778 0.96821 0.96821 0 0 0 
0.0648924 0.97954 0.97954 0 0 0 
0.0275887 0.990414 0.990414 0 0 0 
