32.8513 0.27677 0.27677 0 0 0 
10.0279 0.297587 0.297587 0 0 0 
6.41334 0.312922 0.312922 0 0 0 
4.78684 0.325887 0.325887 0 0 0 
3.82959 0.337481 0.337481 0 0 0 
3.18696 0.347777 0.347777 0 0 0 
2.71998 0.35705 0.35705 0 0 0 
2.36211 0.365665 0.365665 0 0 0 
2.07716 0.373732 0.373732 0 0 0 
1.8436 0.380956 0.380956 0 0 0 
1.64777 0.388326 0.388326 0 0 0 
1.48056 0.395089 0.395089 0 0 0 
1.33561 0.401859 0.401859 0 0 0 
1.20836 0.40802 0.40802 0 0 0 
1.09546 0.413885 0.413885 0 0 0 
0.994352 0.419443 0.419443 0 0 0 
0.903076 0.424903 0.424903 0 0 0 
0.820091 0.430594 0.430594 0 0 0 
0.744175 0.43561 0.43561 0 0 0 
0.674344 0.440352 0.440352 0 0 0 
0.609782 0.445607 0.445607 0 0 0 
0.549835 0.451032 0.451032 0 0 0 
0.493942 0.456792 0.456792 0 0 0 
0.441641 0.462935 0.462935 0 0 0 
0.39254 0.467954 0.467954 0 0 0 
0.346305 0.471845 0.471845 0 0 0 
0.302645 0.475683 0.475683 0 0 0 
0.261317 0.479349 0.479349 0 0 0 
0.222104 0.482371 0.482371 0 0 0 
0.18482 0.484734 0.484734 0 0 0 
0.1493 0.487363 0.487363 0 0 0 
0.1154 0.489791 0.489791 0 0 0 
0.082993 0.491704 0.491704 0 0 0 
0.0519661 0.493403 0.493403 0 0 0 
0.0222179 0.495102 0.495102 0 0 0 
