33.1995 0.277137 0.277137 0 0 0 
5.91448 0.314386 0.314386 0 0 0 
3.49305 0.33736 0.33736 0 0 0 
2.4656 0.355713 0.355713 0 0 0 
1.87627 0.371033 0.371033 0 0 0 
1.4868 0.382861 0.382861 0 0 0 
1.20699 0.393855 0.393855 0 0 0 
0.994563 0.403668 0.403668 0 0 0 
0.826824 0.414781 0.414781 0 0 0 
0.690411 0.423015 0.423015 0 0 0 
0.576907 0.429883 0.429883 0 0 0 
0.480714 0.438359 0.438359 0 0 0 
0.397966 0.446726 0.446726 0 0 0 
0.325885 0.455178 0.455178 0 0 0 
0.26243 0.465022 0.465022 0 0 0 
0.206059 0.475469 0.475469 0 0 0 
0.155587 0.482698 0.482698 0 0 0 
0.110084 0.487926 0.487926 0 0 0 
0.0688111 0.491743 0.491743 0 0 0 
0.0311724 0.495032 0.495032 0 0 0 
