20.5443 0.307441 0.307441 0 0 0 
5.52477 0.419838 0.419838 0 0 0 
3.35584 0.505102 0.505102 0 0 0 
2.39302 0.579211 0.579211 0 0 0 
1.83044 0.644043 0.644043 0 0 0 
1.45481 0.704949 0.704949 0 0 0 
1.18319 0.754252 0.754252 0 0 0 
0.97605 0.799075 0.799075 0 0 0 
0.811942 0.836852 0.836852 0 0 0 
0.67814 0.871719 0.871719 0 0 0 
0.566583 0.900577 0.900577 0 0 0 
0.471887 0.928294 0.928294 0 0 0 
0.390316 0.952252 0.952252 0 0 0 
0.319179 0.973578 0.973578 0 0 0 
0.256496 0.999102 0.999102 0 0 0 
0.200764 1.03999 1.03999 0 0 0 
0.150827 1.07641 1.07641 0 0 0 
0.105778 1.09994 1.09994 0 0 0 
0.0648924 1.11859 1.11859 0 0 0 
0.0275887 1.13448 1.13448 0 0 0 
