33.1995 0.139324 0.139324 0 0 0 
5.91448 0.16026 0.16026 0 0 0 
3.49305 0.174704 0.174704 0 0 0 
2.4656 0.187312 0.187312 0 0 0 
1.87627 0.198712 0.198712 0 0 0 
1.4868 0.208232 0.208232 0 0 0 
1.20699 0.216693 0.216693 0 0 0 
0.994563 0.222565 0.222565 0 0 0 
0.826824 0.227738 0.227738 0 0 0 
0.690411 0.233016 0.233016 0 0 0 
0.576907 0.239277 0.239277 0 0 0 
0.480714 0.247002 0.247002 0 0 0 
0.397966 0.252649 0.252649 0 0 0 
0.325885 0.255988 0.255988 0 0 0 
0.26243 0.259097 0.259097 0 0 0 
0.206059 0.261398 0.261398 0 0 0 
0.155587 0.263484 0.263484 0 0 0 
0.110084 0.265387 0.265387 0 0 0 
0.0688111 0.267218 0.267218 0 0 0 
0.0311724 0.269031 0.269031 0 0 0 
