33.1995 0.146613 0.146613 0 0 0 
5.91448 0.198212 0.198212 0 0 0 
3.49305 0.232581 0.232581 0 0 0 
2.4656 0.260094 0.260094 0 0 0 
1.87627 0.280693 0.280693 0 0 0 
1.4868 0.297521 0.297521 0 0 0 
1.20699 0.312264 0.312264 0 0 0 
0.994563 0.3234 0.3234 0 0 0 
0.826824 0.332277 0.332277 0 0 0 
0.690411 0.342836 0.342836 0 0 0 
0.576907 0.350544 0.350544 0 0 0 
0.480714 0.356265 0.356265 0 0 0 
0.397966 0.36134 0.36134 0 0 0 
0.325885 0.366094 0.366094 0 0 0 
0.26243 0.370031 0.370031 0 0 0 
0.206059 0.373133 0.373133 0 0 0 
0.155587 0.375861 0.375861 0 0 0 
0.110084 0.37818 0.37818 0 0 0 
0.0688111 0.38027 0.38027 0 0 0 
0.0311724 0.382258 0.382258 0 0 0 
