32.8513 0.143897 0.143897 0 0 0 
10.0279 0.162823 0.162823 0 0 0 
6.41334 0.176577 0.176577 0 0 0 
4.78684 0.188039 0.188039 0 0 0 
3.82959 0.197964 0.197964 0 0 0 
3.18696 0.20761 0.20761 0 0 0 
2.71998 0.217606 0.217606 0 0 0 
2.36211 0.226171 0.226171 0 0 0 
2.07716 0.233566 0.233566 0 0 0 
1.8436 0.240355 0.240355 0 0 0 
1.64777 0.24696 0.24696 0 0 0 
1.48056 0.253339 0.253339 0 0 0 
1.33561 0.259985 0.259985 0 0 0 
1.20836 0.265982 0.265982 0 0 0 
1.09546 0.272017 0.272017 0 0 0 
0.994352 0.277095 0.277095 0 0 0 
0.903076 0.281433 0.281433 0 0 0 
0.820091 0.285552 0.285552 0 0 0 
0.744175 0.2895 0.2895 0 0 0 
0.674344 0.293304 0.293304 0 0 0 
0.609782 0.296994 0.296994 0 0 0 
0.549835 0.30025 0.30025 0 0 0 
0.493942 0.303014 0.303014 0 0 0 
0.441641 0.305887 0.305887 0 0 0 
0.39254 0.308502 0.308502 0 0 0 
0.346305 0.310863 0.310863 0 0 0 
0.302645 0.312891 0.312891 0 0 0 
0.261317 0.314802 0.314802 0 0 0 
0.222104 0.316704 0.316704 0 0 0 
0.18482 0.318441 0.318441 0 0 0 
0.1493 0.320111 0.320111 0 0 0 
0.1154 0.321689 0.321689 0 0 0 
0.082993 0.323249 0.323249 0 0 0 
0.0519661 0.3249 0.3249 0 0 0 
0.0222179 0.326308 0.326308 0 0 0 
