33.1995 0.28602 0.28602 0 0 0 
5.91448 0.363393 0.363393 0 0 0 
3.49305 0.412764 0.412764 0 0 0 
2.4656 0.449845 0.449845 0 0 0 
1.87627 0.478281 0.478281 0 0 0 
1.4868 0.502205 0.502205 0 0 0 
1.20699 0.522935 0.522935 0 0 0 
0.994563 0.540791 0.540791 0 0 0 
0.826824 0.556216 0.556216 0 0 0 
0.690411 0.569589 0.569589 0 0 0 
0.576907 0.581103 0.581103 0 0 0 
0.480714 0.591926 0.591926 0 0 0 
0.397966 0.600316 0.600316 0 0 0 
0.325885 0.608438 0.608438 0 0 0 
0.26243 0.614816 0.614816 0 0 0 
0.206059 0.620213 0.620213 0 0 0 
0.155587 0.624996 0.624996 0 0 0 
0.110084 0.629217 0.629217 0 0 0 
0.0688111 0.633299 0.633299 0 0 0 
0.0311723 0.638005 0.638005 0 0 0 
