32.8513 0.283796 0.283796 0 0 0 
10.0279 0.317645 0.317645 0 0 0 
6.41334 0.341044 0.341044 0 0 0 
4.78684 0.359959 0.359959 0 0 0 
3.82959 0.376143 0.376143 0 0 0 
3.18696 0.390152 0.390152 0 0 0 
2.71998 0.402699 0.402699 0 0 0 
2.36211 0.413237 0.413237 0 0 0 
2.07716 0.422858 0.422858 0 0 0 
1.8436 0.431564 0.431564 0 0 0 
1.64777 0.440562 0.440562 0 0 0 
1.48056 0.4481 0.4481 0 0 0 
1.33561 0.455076 0.455076 0 0 0 
1.20836 0.461619 0.461619 0 0 0 
1.09546 0.467465 0.467465 0 0 0 
0.994352 0.472758 0.472758 0 0 0 
0.903076 0.477441 0.477441 0 0 0 
0.820091 0.48141 0.48141 0 0 0 
0.744175 0.485016 0.485016 0 0 0 
0.674344 0.488943 0.488943 0 0 0 
0.609782 0.492262 0.492262 0 0 0 
0.549835 0.495609 0.495609 0 0 0 
0.493942 0.498787 0.498787 0 0 0 
0.441641 0.502035 0.502035 0 0 0 
0.39254 0.505018 0.505018 0 0 0 
0.346305 0.507692 0.507692 0 0 0 
0.302645 0.510301 0.510301 0 0 0 
0.261317 0.51286 0.51286 0 0 0 
0.222104 0.515809 0.515809 0 0 0 
0.18482 0.518704 0.518704 0 0 0 
0.1493 0.521274 0.521274 0 0 0 
0.1154 0.523427 0.523427 0 0 0 
0.082993 0.524821 0.524821 0 0 0 
0.0519661 0.526626 0.526626 0 0 0 
0.0222179 0.52851 0.52851 0 0 0 
