This is pdfTeX, Version 3.1415926-1.40.10 (TeX Live 2009/Debian) (format=pdflatex 2012.8.6)  15 JAN 2013 16:27
entering extended mode
 %&-line parsing enabled.
**Notes_Single.tex
(./Notes_Single.tex
LaTeX2e <2009/09/24>
Babel <v3.8l> and hyphenation patterns for english, usenglishmax, dumylang, noh
yphenation, ngerman, german, german-x-2009-06-19, ngerman-x-2009-06-19, loaded.

(/usr/share/texmf-texlive/tex/latex/base/book.cls
Document Class: book 2007/10/19 v1.4h Standard LaTeX document class
(/usr/share/texmf-texlive/tex/latex/base/fleqn.clo
File: fleqn.clo 1998/08/17 v1.1c Standard LaTeX option (flush left equations)
\mathindent=\dimen102
)
(/usr/share/texmf-texlive/tex/latex/base/bk11.clo
File: bk11.clo 2007/10/19 v1.4h Standard LaTeX file (size option)
)
\c@part=\count79
\c@chapter=\count80
\c@section=\count81
\c@subsection=\count82
\c@subsubsection=\count83
\c@paragraph=\count84
\c@subparagraph=\count85
\c@figure=\count86
\c@table=\count87
\abovecaptionskip=\skip41
\belowcaptionskip=\skip42
\bibindent=\dimen103
)
(/usr/share/texmf-texlive/tex/latex/base/inputenc.sty
Package: inputenc 2008/03/30 v1.1d Input encoding file
\inpenc@prehook=\toks14
\inpenc@posthook=\toks15

(/usr/share/texmf-texlive/tex/latex/base/utf8.def
File: utf8.def 2008/04/05 v1.1m UTF-8 support for inputenc
Now handling font encoding OML ...
... no UTF-8 mapping file for font encoding OML
Now handling font encoding T1 ...
... processing UTF-8 mapping file for font encoding T1

(/usr/share/texmf-texlive/tex/latex/base/t1enc.dfu
File: t1enc.dfu 2008/04/05 v1.1m UTF-8 support for inputenc
   defining Unicode char U+00A1 (decimal 161)
   defining Unicode char U+00A3 (decimal 163)
   defining Unicode char U+00AB (decimal 171)
   defining Unicode char U+00BB (decimal 187)
   defining Unicode char U+00BF (decimal 191)
   defining Unicode char U+00C0 (decimal 192)
   defining Unicode char U+00C1 (decimal 193)
   defining Unicode char U+00C2 (decimal 194)
   defining Unicode char U+00C3 (decimal 195)
   defining Unicode char U+00C4 (decimal 196)
   defining Unicode char U+00C5 (decimal 197)
   defining Unicode char U+00C6 (decimal 198)
   defining Unicode char U+00C7 (decimal 199)
   defining Unicode char U+00C8 (decimal 200)
   defining Unicode char U+00C9 (decimal 201)
   defining Unicode char U+00CA (decimal 202)
   defining Unicode char U+00CB (decimal 203)
   defining Unicode char U+00CC (decimal 204)
   defining Unicode char U+00CD (decimal 205)
   defining Unicode char U+00CE (decimal 206)
   defining Unicode char U+00CF (decimal 207)
   defining Unicode char U+00D0 (decimal 208)
   defining Unicode char U+00D1 (decimal 209)
   defining Unicode char U+00D2 (decimal 210)
   defining Unicode char U+00D3 (decimal 211)
   defining Unicode char U+00D4 (decimal 212)
   defining Unicode char U+00D5 (decimal 213)
   defining Unicode char U+00D6 (decimal 214)
   defining Unicode char U+00D8 (decimal 216)
   defining Unicode char U+00D9 (decimal 217)
   defining Unicode char U+00DA (decimal 218)
   defining Unicode char U+00DB (decimal 219)
   defining Unicode char U+00DC (decimal 220)
   defining Unicode char U+00DD (decimal 221)
   defining Unicode char U+00DE (decimal 222)
   defining Unicode char U+00DF (decimal 223)
   defining Unicode char U+00E0 (decimal 224)
   defining Unicode char U+00E1 (decimal 225)
   defining Unicode char U+00E2 (decimal 226)
   defining Unicode char U+00E3 (decimal 227)
   defining Unicode char U+00E4 (decimal 228)
   defining Unicode char U+00E5 (decimal 229)
   defining Unicode char U+00E6 (decimal 230)
   defining Unicode char U+00E7 (decimal 231)
   defining Unicode char U+00E8 (decimal 232)
   defining Unicode char U+00E9 (decimal 233)
   defining Unicode char U+00EA (decimal 234)
   defining Unicode char U+00EB (decimal 235)
   defining Unicode char U+00EC (decimal 236)
   defining Unicode char U+00ED (decimal 237)
   defining Unicode char U+00EE (decimal 238)
   defining Unicode char U+00EF (decimal 239)
   defining Unicode char U+00F0 (decimal 240)
   defining Unicode char U+00F1 (decimal 241)
   defining Unicode char U+00F2 (decimal 242)
   defining Unicode char U+00F3 (decimal 243)
   defining Unicode char U+00F4 (decimal 244)
   defining Unicode char U+00F5 (decimal 245)
   defining Unicode char U+00F6 (decimal 246)
   defining Unicode char U+00F8 (decimal 248)
   defining Unicode char U+00F9 (decimal 249)
   defining Unicode char U+00FA (decimal 250)
   defining Unicode char U+00FB (decimal 251)
   defining Unicode char U+00FC (decimal 252)
   defining Unicode char U+00FD (decimal 253)
   defining Unicode char U+00FE (decimal 254)
   defining Unicode char U+00FF (decimal 255)
   defining Unicode char U+0102 (decimal 258)
   defining Unicode char U+0103 (decimal 259)
   defining Unicode char U+0104 (decimal 260)
   defining Unicode char U+0105 (decimal 261)
   defining Unicode char U+0106 (decimal 262)
   defining Unicode char U+0107 (decimal 263)
   defining Unicode char U+010C (decimal 268)
   defining Unicode char U+010D (decimal 269)
   defining Unicode char U+010E (decimal 270)
   defining Unicode char U+010F (decimal 271)
   defining Unicode char U+0110 (decimal 272)
   defining Unicode char U+0111 (decimal 273)
   defining Unicode char U+0118 (decimal 280)
   defining Unicode char U+0119 (decimal 281)
   defining Unicode char U+011A (decimal 282)
   defining Unicode char U+011B (decimal 283)
   defining Unicode char U+011E (decimal 286)
   defining Unicode char U+011F (decimal 287)
   defining Unicode char U+0130 (decimal 304)
   defining Unicode char U+0131 (decimal 305)
   defining Unicode char U+0132 (decimal 306)
   defining Unicode char U+0133 (decimal 307)
   defining Unicode char U+0139 (decimal 313)
   defining Unicode char U+013A (decimal 314)
   defining Unicode char U+013D (decimal 317)
   defining Unicode char U+013E (decimal 318)
   defining Unicode char U+0141 (decimal 321)
   defining Unicode char U+0142 (decimal 322)
   defining Unicode char U+0143 (decimal 323)
   defining Unicode char U+0144 (decimal 324)
   defining Unicode char U+0147 (decimal 327)
   defining Unicode char U+0148 (decimal 328)
   defining Unicode char U+014A (decimal 330)
   defining Unicode char U+014B (decimal 331)
   defining Unicode char U+0150 (decimal 336)
   defining Unicode char U+0151 (decimal 337)
   defining Unicode char U+0152 (decimal 338)
   defining Unicode char U+0153 (decimal 339)
   defining Unicode char U+0154 (decimal 340)
   defining Unicode char U+0155 (decimal 341)
   defining Unicode char U+0158 (decimal 344)
   defining Unicode char U+0159 (decimal 345)
   defining Unicode char U+015A (decimal 346)
   defining Unicode char U+015B (decimal 347)
   defining Unicode char U+015E (decimal 350)
   defining Unicode char U+015F (decimal 351)
   defining Unicode char U+0160 (decimal 352)
   defining Unicode char U+0161 (decimal 353)
   defining Unicode char U+0162 (decimal 354)
   defining Unicode char U+0163 (decimal 355)
   defining Unicode char U+0164 (decimal 356)
   defining Unicode char U+0165 (decimal 357)
   defining Unicode char U+016E (decimal 366)
   defining Unicode char U+016F (decimal 367)
   defining Unicode char U+0170 (decimal 368)
   defining Unicode char U+0171 (decimal 369)
   defining Unicode char U+0178 (decimal 376)
   defining Unicode char U+0179 (decimal 377)
   defining Unicode char U+017A (decimal 378)
   defining Unicode char U+017B (decimal 379)
   defining Unicode char U+017C (decimal 380)
   defining Unicode char U+017D (decimal 381)
   defining Unicode char U+017E (decimal 382)
   defining Unicode char U+200C (decimal 8204)
   defining Unicode char U+2013 (decimal 8211)
   defining Unicode char U+2014 (decimal 8212)
   defining Unicode char U+2018 (decimal 8216)
   defining Unicode char U+2019 (decimal 8217)
   defining Unicode char U+201A (decimal 8218)
   defining Unicode char U+201C (decimal 8220)
   defining Unicode char U+201D (decimal 8221)
   defining Unicode char U+201E (decimal 8222)
   defining Unicode char U+2030 (decimal 8240)
   defining Unicode char U+2031 (decimal 8241)
   defining Unicode char U+2039 (decimal 8249)
   defining Unicode char U+203A (decimal 8250)
   defining Unicode char U+2423 (decimal 9251)
)
Now handling font encoding OT1 ...
... processing UTF-8 mapping file for font encoding OT1

(/usr/share/texmf-texlive/tex/latex/base/ot1enc.dfu
File: ot1enc.dfu 2008/04/05 v1.1m UTF-8 support for inputenc
   defining Unicode char U+00A1 (decimal 161)
   defining Unicode char U+00A3 (decimal 163)
   defining Unicode char U+00B8 (decimal 184)
   defining Unicode char U+00BF (decimal 191)
   defining Unicode char U+00C5 (decimal 197)
   defining Unicode char U+00C6 (decimal 198)
   defining Unicode char U+00D8 (decimal 216)
   defining Unicode char U+00DF (decimal 223)
   defining Unicode char U+00E6 (decimal 230)
   defining Unicode char U+00EC (decimal 236)
   defining Unicode char U+00ED (decimal 237)
   defining Unicode char U+00EE (decimal 238)
   defining Unicode char U+00EF (decimal 239)
   defining Unicode char U+00F8 (decimal 248)
   defining Unicode char U+0131 (decimal 305)
   defining Unicode char U+0141 (decimal 321)
   defining Unicode char U+0142 (decimal 322)
   defining Unicode char U+0152 (decimal 338)
   defining Unicode char U+0153 (decimal 339)
   defining Unicode char U+2013 (decimal 8211)
   defining Unicode char U+2014 (decimal 8212)
   defining Unicode char U+2018 (decimal 8216)
   defining Unicode char U+2019 (decimal 8217)
   defining Unicode char U+201C (decimal 8220)
   defining Unicode char U+201D (decimal 8221)
)
Now handling font encoding OMS ...
... processing UTF-8 mapping file for font encoding OMS

(/usr/share/texmf-texlive/tex/latex/base/omsenc.dfu
File: omsenc.dfu 2008/04/05 v1.1m UTF-8 support for inputenc
   defining Unicode char U+00A7 (decimal 167)
   defining Unicode char U+00B6 (decimal 182)
   defining Unicode char U+00B7 (decimal 183)
   defining Unicode char U+2020 (decimal 8224)
   defining Unicode char U+2021 (decimal 8225)
   defining Unicode char U+2022 (decimal 8226)
)
Now handling font encoding OMX ...
... no UTF-8 mapping file for font encoding OMX
Now handling font encoding U ...
... no UTF-8 mapping file for font encoding U
   defining Unicode char U+00A9 (decimal 169)
   defining Unicode char U+00AA (decimal 170)
   defining Unicode char U+00AE (decimal 174)
   defining Unicode char U+00BA (decimal 186)
   defining Unicode char U+02C6 (decimal 710)
   defining Unicode char U+02DC (decimal 732)
   defining Unicode char U+200C (decimal 8204)
   defining Unicode char U+2026 (decimal 8230)
   defining Unicode char U+2122 (decimal 8482)
   defining Unicode char U+2423 (decimal 9251)
))
(/usr/share/texmf-texlive/tex/latex/base/fontenc.sty
Package: fontenc 2005/09/27 v1.99g Standard LaTeX package

(/usr/share/texmf-texlive/tex/latex/base/ot1enc.def
File: ot1enc.def 2005/09/27 v1.99g Standard LaTeX file
LaTeX Font Info:    Redeclaring font encoding OT1 on input line 43.
))
(/usr/share/texmf-texlive/tex/generic/babel/babel.sty
Package: babel 2008/07/06 v3.8l The Babel package

(/usr/share/texmf-texlive/tex/generic/babel/english.ldf
Language: english 2005/03/30 v3.3o English support from the babel system

(/usr/share/texmf-texlive/tex/generic/babel/babel.def
File: babel.def 2008/07/06 v3.8l Babel common definitions
\babel@savecnt=\count88
\U@D=\dimen104
)
\l@british = a dialect from \language\l@english 
\l@UKenglish = a dialect from \language\l@english 
\l@canadian = a dialect from \language\l@american 
\l@australian = a dialect from \language\l@british 
\l@newzealand = a dialect from \language\l@british 
))
(/usr/share/texmf-texlive/tex/latex/graphics/color.sty
Package: color 2005/11/14 v1.0j Standard LaTeX Color (DPC)

(/etc/texmf/tex/latex/config/color.cfg
File: color.cfg 2007/01/18 v1.5 color configuration of teTeX/TeXLive
)
Package color Info: Driver file: pdftex.def on input line 130.

(/usr/share/texmf-texlive/tex/latex/pdftex-def/pdftex.def
File: pdftex.def 2010/03/12 v0.04p Graphics/color for pdfTeX
\Gread@gobject=\count89
))
(/usr/share/texmf-texlive/tex/latex/amsfonts/amssymb.sty
Package: amssymb 2009/06/22 v3.00

(/usr/share/texmf-texlive/tex/latex/amsfonts/amsfonts.sty
Package: amsfonts 2009/06/22 v3.00 Basic AMSFonts support
\@emptytoks=\toks16
\symAMSa=\mathgroup4
\symAMSb=\mathgroup5
LaTeX Font Info:    Overwriting math alphabet `\mathfrak' in version `bold'
(Font)                  U/euf/m/n --> U/euf/b/n on input line 96.
))
(/usr/share/texmf-texlive/tex/latex/amsmath/amsmath.sty
Package: amsmath 2000/07/18 v2.13 AMS math features
\@mathmargin=\skip43

For additional information on amsmath, use the `?' option.
(/usr/share/texmf-texlive/tex/latex/amsmath/amstext.sty
Package: amstext 2000/06/29 v2.01

(/usr/share/texmf-texlive/tex/latex/amsmath/amsgen.sty
File: amsgen.sty 1999/11/30 v2.0
\@emptytoks=\toks17
\ex@=\dimen105
))
(/usr/share/texmf-texlive/tex/latex/amsmath/amsbsy.sty
Package: amsbsy 1999/11/29 v1.2d
\pmbraise@=\dimen106
)
(/usr/share/texmf-texlive/tex/latex/amsmath/amsopn.sty
Package: amsopn 1999/12/14 v2.01 operator names
)
\inf@bad=\count90
LaTeX Info: Redefining \frac on input line 211.
\uproot@=\count91
\leftroot@=\count92
LaTeX Info: Redefining \overline on input line 307.
\classnum@=\count93
\DOTSCASE@=\count94
LaTeX Info: Redefining \ldots on input line 379.
LaTeX Info: Redefining \dots on input line 382.
LaTeX Info: Redefining \cdots on input line 467.
\Mathstrutbox@=\box26
\strutbox@=\box27
\big@size=\dimen107
LaTeX Font Info:    Redeclaring font encoding OML on input line 567.
LaTeX Font Info:    Redeclaring font encoding OMS on input line 568.
\macc@depth=\count95
\c@MaxMatrixCols=\count96
\dotsspace@=\muskip10
\c@parentequation=\count97
\dspbrk@lvl=\count98
\tag@help=\toks18
\row@=\count99
\column@=\count100
\maxfields@=\count101
\andhelp@=\toks19
\eqnshift@=\dimen108
\alignsep@=\dimen109
\tagshift@=\dimen110
\tagwidth@=\dimen111
\totwidth@=\dimen112
\lineht@=\dimen113
\@envbody=\toks20
\multlinegap=\skip44
\multlinetaggap=\skip45
\mathdisplay@stack=\toks21
LaTeX Info: Redefining \[ on input line 2666.
LaTeX Info: Redefining \] on input line 2667.
)
(/usr/share/texmf-texlive/tex/latex/graphics/epsfig.sty
Package: epsfig 1999/02/16 v1.7a (e)psfig emulation (SPQR)

(/usr/share/texmf-texlive/tex/latex/graphics/graphicx.sty
Package: graphicx 1999/02/16 v1.0f Enhanced LaTeX Graphics (DPC,SPQR)

(/usr/share/texmf-texlive/tex/latex/graphics/keyval.sty
Package: keyval 1999/03/16 v1.13 key=value parser (DPC)
\KV@toks@=\toks22
)
(/usr/share/texmf-texlive/tex/latex/graphics/graphics.sty
Package: graphics 2009/02/05 v1.0o Standard LaTeX Graphics (DPC,SPQR)

(/usr/share/texmf-texlive/tex/latex/graphics/trig.sty
Package: trig 1999/03/16 v1.09 sin cos tan (DPC)
)
(/etc/texmf/tex/latex/config/graphics.cfg
File: graphics.cfg 2009/08/28 v1.8 graphics configuration of TeX Live
)
Package graphics Info: Driver file: pdftex.def on input line 91.
)
\Gin@req@height=\dimen114
\Gin@req@width=\dimen115
)
\epsfxsize=\dimen116
\epsfysize=\dimen117
)
(/usr/share/texmf-texlive/tex/latex/xifthen/xifthen.sty
Package: xifthen 2009/04/17 v1.3 Extended ifthen features

(/usr/share/texmf-texlive/tex/latex/etex-pkg/etex.sty
Package: etex 1998/03/26 v2.0 eTeX basic definition package (PEB)
\et@xins=\count102
)
(/usr/share/texmf-texlive/tex/latex/tools/calc.sty
Package: calc 2007/08/22 v4.3 Infix arithmetic (KKT,FJ)
\calc@Acount=\count103
\calc@Bcount=\count104
\calc@Adimen=\dimen118
\calc@Bdimen=\dimen119
\calc@Askip=\skip46
\calc@Bskip=\skip47
LaTeX Info: Redefining \setlength on input line 76.
LaTeX Info: Redefining \addtolength on input line 77.
\calc@Ccount=\count105
\calc@Cskip=\skip48
)
(/usr/share/texmf-texlive/tex/latex/base/ifthen.sty
Package: ifthen 2001/05/26 v1.1c Standard LaTeX ifthen package (DPC)
)
(/usr/share/texmf-texlive/tex/latex/ifmtarg/ifmtarg.sty
Package: ifmtarg 2009/09/02 v1.2a check for an empty argument
))
(/usr/share/texmf-texlive/tex/latex/multirow/multirow.sty
\bigstrutjot=\dimen120
)
(/usr/share/texmf-texlive/tex/latex/rotating/rotating.sty
Package: rotating 2009/03/28 v2.16a rotated objects in LaTeX
\c@r@tfl@t=\count106
\rotFPtop=\skip49
\rotFPbot=\skip50
\rot@float@box=\box28
\rot@mess@toks=\toks23
)
(/usr/share/texmf-texlive/tex/latex/enumitem/enumitem.sty
Package: enumitem 2009/05/18 v2.2 Customized lists
\enit@toks=\toks24
\labelindent=\skip51
\enit@outerparindent=\dimen121
\enitdp@desc=\count107
)
(/usr/share/texmf-texlive/tex/latex/hyperref/hyperref.sty
Package: hyperref 2009/10/09 v6.79a Hypertext links for LaTeX

(/usr/share/texmf-texlive/tex/generic/oberdiek/ifpdf.sty
Package: ifpdf 2009/04/10 v2.0 Provides the ifpdf switch (HO)
Package ifpdf Info: pdfTeX in pdf mode detected.
)
(/usr/share/texmf-texlive/tex/generic/oberdiek/ifvtex.sty
Package: ifvtex 2008/11/04 v1.4 Switches for detecting VTeX and its modes (HO)
Package ifvtex Info: VTeX not detected.
)
(/usr/share/texmf-texlive/tex/generic/ifxetex/ifxetex.sty
Package: ifxetex 2009/01/23 v0.5 Provides ifxetex conditional
)
(/usr/share/texmf-texlive/tex/latex/oberdiek/hycolor.sty
Package: hycolor 2009/10/02 v1.5 Code for color options of hyperref/bookmark (H
O)

(/usr/share/texmf-texlive/tex/latex/oberdiek/xcolor-patch.sty
Package: xcolor-patch 2009/10/02 xcolor patch
))
\@linkdim=\dimen122
\Hy@linkcounter=\count108
\Hy@pagecounter=\count109

(/usr/share/texmf-texlive/tex/latex/hyperref/pd1enc.def
File: pd1enc.def 2009/10/09 v6.79a Hyperref: PDFDocEncoding definition (HO)
Now handling font encoding PD1 ...
... no UTF-8 mapping file for font encoding PD1
)
(/usr/share/texmf-texlive/tex/generic/oberdiek/etexcmds.sty
Package: etexcmds 2007/12/12 v1.2 Prefix for e-TeX command names (HO)

(/usr/share/texmf-texlive/tex/generic/oberdiek/infwarerr.sty
Package: infwarerr 2007/09/09 v1.2 Providing info/warning/message (HO)
)
Package etexcmds Info: Could not find \expanded.
(etexcmds)             That can mean that you are not using pdfTeX 1.50 or
(etexcmds)             that some package has redefined \expanded.
(etexcmds)             In the latter case, load this package earlier.
)
(/usr/share/texmf-texlive/tex/latex/latexconfig/hyperref.cfg
File: hyperref.cfg 2002/06/06 v1.2 hyperref configuration of TeXLive
)
(/usr/share/texmf-texlive/tex/latex/oberdiek/kvoptions.sty
Package: kvoptions 2009/08/13 v3.4 Keyval support for LaTeX options (HO)

(/usr/share/texmf-texlive/tex/generic/oberdiek/kvsetkeys.sty
Package: kvsetkeys 2009/07/30 v1.5 Key value parser with default handler suppor
t (HO)
))
Package hyperref Info: Hyper figures OFF on input line 2975.
Package hyperref Info: Link nesting OFF on input line 2980.
Package hyperref Info: Hyper index ON on input line 2983.
Package hyperref Info: Plain pages OFF on input line 2990.
Package hyperref Info: Backreferencing OFF on input line 2995.

Implicit mode ON; LaTeX internals redefined
Package hyperref Info: Bookmarks ON on input line 3191.
(/usr/share/texmf-texlive/tex/latex/ltxmisc/url.sty
\Urlmuskip=\muskip11
Package: url 2006/04/12  ver 3.3  Verb mode for urls, etc.
)
LaTeX Info: Redefining \url on input line 3428.

(/usr/share/texmf-texlive/tex/generic/oberdiek/bitset.sty
Package: bitset 2007/09/28 v1.0 Data type bit set (HO)

(/usr/share/texmf-texlive/tex/generic/oberdiek/intcalc.sty
Package: intcalc 2007/09/27 v1.1 Expandable integer calculations (HO)
)
(/usr/share/texmf-texlive/tex/generic/oberdiek/bigintcalc.sty
Package: bigintcalc 2007/11/11 v1.1 Expandable big integer calculations (HO)

(/usr/share/texmf-texlive/tex/generic/oberdiek/pdftexcmds.sty
Package: pdftexcmds 2009/09/23 v0.6 LuaTeX support for pdfTeX utility functions
 (HO)

(/usr/share/texmf-texlive/tex/generic/oberdiek/ifluatex.sty
Package: ifluatex 2009/04/17 v1.2 Provides the ifluatex switch (HO)
Package ifluatex Info: LuaTeX not detected.
)
(/usr/share/texmf-texlive/tex/generic/oberdiek/ltxcmds.sty
Package: ltxcmds 2009/08/05 v1.0 Some LaTeX kernel commands for general use (HO
)
)
Package pdftexcmds Info: LuaTeX not detected.
Package pdftexcmds Info: \pdf@primitive is available.
Package pdftexcmds Info: \pdf@ifprimitive is available.
)))
\Fld@menulength=\count110
\Field@Width=\dimen123
\Fld@charsize=\dimen124
\Field@toks=\toks25
Package hyperref Info: Hyper figures OFF on input line 4377.
Package hyperref Info: Link nesting OFF on input line 4382.
Package hyperref Info: Hyper index ON on input line 4385.
Package hyperref Info: backreferencing OFF on input line 4392.
Package hyperref Info: Link coloring OFF on input line 4397.
Package hyperref Info: Link coloring with OCG OFF on input line 4402.
Package hyperref Info: PDF/A mode OFF on input line 4407.

(/usr/share/texmf-texlive/tex/generic/oberdiek/atbegshi.sty
Package: atbegshi 2008/07/31 v1.9 At begin shipout hook (HO)
)
\Hy@abspage=\count111
\c@Item=\count112
\c@Hfootnote=\count113
)
*hyperref using default driver hpdftex*
(/usr/share/texmf-texlive/tex/latex/hyperref/hpdftex.def
File: hpdftex.def 2009/10/09 v6.79a Hyperref driver for pdfTeX
\Fld@listcount=\count114
) (./Notes_Single.aux)
\openout1 = `Notes_Single.aux'.

LaTeX Font Info:    Checking defaults for OML/cmm/m/it on input line 22.
LaTeX Font Info:    ... okay on input line 22.
LaTeX Font Info:    Checking defaults for T1/cmr/m/n on input line 22.
LaTeX Font Info:    ... okay on input line 22.
LaTeX Font Info:    Checking defaults for OT1/cmr/m/n on input line 22.
LaTeX Font Info:    ... okay on input line 22.
LaTeX Font Info:    Checking defaults for OMS/cmsy/m/n on input line 22.
LaTeX Font Info:    ... okay on input line 22.
LaTeX Font Info:    Checking defaults for OMX/cmex/m/n on input line 22.
LaTeX Font Info:    ... okay on input line 22.
LaTeX Font Info:    Checking defaults for U/cmr/m/n on input line 22.
LaTeX Font Info:    ... okay on input line 22.
LaTeX Font Info:    Checking defaults for PD1/pdf/m/n on input line 22.
LaTeX Font Info:    ... okay on input line 22.

(/usr/share/texmf-texlive/tex/context/base/supp-pdf.mkii
[Loading MPS to PDF converter (version 2006.09.02).]
\scratchcounter=\count115
\scratchdimen=\dimen125
\scratchbox=\box29
\nofMPsegments=\count116
\nofMParguments=\count117
\everyMPshowfont=\toks26
\MPscratchCnt=\count118
\MPscratchDim=\dimen126
\MPnumerator=\count119
\everyMPtoPDFconversion=\toks27
)
Package hyperref Info: Link coloring OFF on input line 22.
 (/usr/share/texmf-texlive/tex/latex/hyperref/nameref.sty
Package: nameref 2007/05/29 v2.31 Cross-referencing by name of section

(/usr/share/texmf-texlive/tex/latex/oberdiek/refcount.sty
Package: refcount 2008/08/11 v3.1 Data extraction from references (HO)
)
\c@section@level=\count120
)
LaTeX Info: Redefining \ref on input line 22.
LaTeX Info: Redefining \pageref on input line 22.
 (./Notes_Single.out) (./Notes_Single.out)
\@outlinefile=\write3
\openout3 = `Notes_Single.out'.

\AtBeginShipoutBox=\box30
LaTeX Font Info:    Try loading font information for U+msa on input line 27.
 (/usr/share/texmf-texlive/tex/latex/amsfonts/umsa.fd
File: umsa.fd 2009/06/22 v3.00 AMS symbols A
)
LaTeX Font Info:    Try loading font information for U+msb on input line 27.

(/usr/share/texmf-texlive/tex/latex/amsfonts/umsb.fd
File: umsb.fd 2009/06/22 v3.00 AMS symbols B
) [1


{/var/lib/texmf/fonts/map/pdftex/updmap/pdftex.map}] (./Notes_Single.toc)
\tf@toc=\write4
\openout4 = `Notes_Single.toc'.

pdfTeX warning (ext4): destination with the same identifier (name{page.1}) has 
been already used, duplicate ignored
<to be read again> 
                   \relax 
l.29 \chapter
             {Simulations} [1

]
Chapter 1.
[2

]
Chapter 2.

<analysis/galacticus/radialProfilesConsistent/bJ_Luminosity_galacticus_13671_1.
png, id=31, 578.16pt x 433.62pt>
File: analysis/galacticus/radialProfilesConsistent/bJ_Luminosity_galacticus_136
71_1.png Graphic file (type png)

<use analysis/galacticus/radialProfilesConsistent/bJ_Luminosity_galacticus_1367
1_1.png>
<analysis/galacticus/radialProfilesConsistent/DGM_Early_13671_1.png, id=33, 578
.16pt x 433.62pt>
File: analysis/galacticus/radialProfilesConsistent/DGM_Early_13671_1.png Graphi
c file (type png)

<use analysis/galacticus/radialProfilesConsistent/DGM_Early_13671_1.png>
<analysis/galacticus/radialProfilesConsistent/SFR_13671_1.png, id=34, 578.16pt 
x 433.62pt>
File: analysis/galacticus/radialProfilesConsistent/SFR_13671_1.png Graphic file
 (type png)
 <use analysis/galacticus/radialProfilesConsistent/SFR_13671_1.png>
Overfull \hbox (65.53687pt too wide) in paragraph at lines 35--38
[][] []
 []


<analysis/halo_oblateness/5.2944E14-25-49-52/out_187.png, id=35, 578.16pt x 433
.62pt>
File: analysis/halo_oblateness/5.2944E14-25-49-52/out_187.png Graphic file (typ
e png)
 <use analysis/halo_oblateness/5.2944E14-25-49-52/out_187.png>
<analysis/halo_oblateness/5.2944E14-25-49-52/halo_oblaxz_00187.png, id=36, 724.
7075pt x 682.55pt>
File: analysis/halo_oblateness/5.2944E14-25-49-52/halo_oblaxz_00187.png Graphic
 file (type png)

<use analysis/halo_oblateness/5.2944E14-25-49-52/halo_oblaxz_00187.png>
Overfull \hbox (34.20265pt too wide) in paragraph at lines 48--50
[][]
 []

[3

 <./analysis/galacticus/radialProfilesConsistent/bJ_Luminosity_galacticus_13671
_1.png> <./analysis/galacticus/radialProfilesConsistent/DGM_Early_13671_1.png> 
<./analysis/galacticus/radialProfilesConsistent/SFR_13671_1.png>] [4 <./analysi
s/halo_oblateness/5.2944E14-25-49-52/out_187.png> <./analysis/halo_oblateness/5
.2944E14-25-49-52/halo_oblaxz_00187.png (PNG copy)>]
<r512/h70/NGenIC_20905_2_std/Plot_Star_Formation_History.pdf, id=53, 328.22626p
t x 239.89626pt>
File: r512/h70/NGenIC_20905_2_std/Plot_Star_Formation_History.pdf Graphic file 
(type pdf)

<use r512/h70/NGenIC_20905_2_std/Plot_Star_Formation_History.pdf>
<r512/h70/NGenIC_20905_2_std/Plot_Stellar_Mass_Function.pdf, id=54, 326.21875pt
 x 240.9pt>
File: r512/h70/NGenIC_20905_2_std/Plot_Stellar_Mass_Function.pdf Graphic file (
type pdf)
 <use r512/h70/NGenIC_20905_2_std/Plot_Stellar_Mass_Function.pdf>
<r512/h70/NGenIC_20905_2_std/Plot_SDSS_Tully_Fisher.pdf, id=55, 325.215pt x 240
.9pt>
File: r512/h70/NGenIC_20905_2_std/Plot_SDSS_Tully_Fisher.pdf Graphic file (type
 pdf)
 <use r512/h70/NGenIC_20905_2_std/Plot_SDSS_Tully_Fisher.pdf>
<r512/h70/NGenIC_20905_2_Kennicutt/Plot_Star_Formation_History.pdf, id=56, 328.
22626pt x 239.89626pt>
File: r512/h70/NGenIC_20905_2_Kennicutt/Plot_Star_Formation_History.pdf Graphic
 file (type pdf)

<use r512/h70/NGenIC_20905_2_Kennicutt/Plot_Star_Formation_History.pdf>
<r512/h70/NGenIC_20905_2_Kennicutt/Plot_Stellar_Mass_Function.pdf, id=57, 326.2
1875pt x 240.9pt>
File: r512/h70/NGenIC_20905_2_Kennicutt/Plot_Stellar_Mass_Function.pdf Graphic 
file (type pdf)

<use r512/h70/NGenIC_20905_2_Kennicutt/Plot_Stellar_Mass_Function.pdf>
<r512/h70/NGenIC_20905_2_Kennicutt/Plot_SDSS_Tully_Fisher.pdf, id=58, 325.215pt
 x 240.9pt>
File: r512/h70/NGenIC_20905_2_Kennicutt/Plot_SDSS_Tully_Fisher.pdf Graphic file
 (type pdf)
 <use r512/h70/NGenIC_20905_2_Kennicutt/Plot_SDSS_Tully_Fisher.pdf>
<r512/h70/NGenIC_20905_2_Salpeter/Plot_Star_Formation_History.pdf, id=59, 328.2
2626pt x 239.89626pt>
File: r512/h70/NGenIC_20905_2_Salpeter/Plot_Star_Formation_History.pdf Graphic 
file (type pdf)

<use r512/h70/NGenIC_20905_2_Salpeter/Plot_Star_Formation_History.pdf>
<r512/h70/NGenIC_20905_2_Salpeter/Plot_Stellar_Mass_Function.pdf, id=60, 326.21
875pt x 240.9pt>
File: r512/h70/NGenIC_20905_2_Salpeter/Plot_Stellar_Mass_Function.pdf Graphic f
ile (type pdf)

<use r512/h70/NGenIC_20905_2_Salpeter/Plot_Stellar_Mass_Function.pdf>
<r512/h70/NGenIC_20905_2_Salpeter/Plot_SDSS_Tully_Fisher.pdf, id=61, 325.215pt 
x 240.9pt>
File: r512/h70/NGenIC_20905_2_Salpeter/Plot_SDSS_Tully_Fisher.pdf Graphic file 
(type pdf)
 <use r512/h70/NGenIC_20905_2_Salpeter/Plot_SDSS_Tully_Fisher.pdf>
<r512/h70/NGenIC_20905_2_Scalo/Plot_Star_Formation_History.pdf, id=62, 328.2262
6pt x 239.89626pt>
File: r512/h70/NGenIC_20905_2_Scalo/Plot_Star_Formation_History.pdf Graphic fil
e (type pdf)

<use r512/h70/NGenIC_20905_2_Scalo/Plot_Star_Formation_History.pdf>
<r512/h70/NGenIC_20905_2_Scalo/Plot_Stellar_Mass_Function.pdf, id=63, 326.21875
pt x 240.9pt>
File: r512/h70/NGenIC_20905_2_Scalo/Plot_Stellar_Mass_Function.pdf Graphic file
 (type pdf)

<use r512/h70/NGenIC_20905_2_Scalo/Plot_Stellar_Mass_Function.pdf>
<r512/h70/NGenIC_20905_2_Scalo/Plot_SDSS_Tully_Fisher.pdf, id=64, 325.215pt x 2
40.9pt>
File: r512/h70/NGenIC_20905_2_Scalo/Plot_SDSS_Tully_Fisher.pdf Graphic file (ty
pe pdf)
 <use r512/h70/NGenIC_20905_2_Scalo/Plot_SDSS_Tully_Fisher.pdf>
Overfull \hbox (34.19011pt too wide) in paragraph at lines 78--101
[][] 
 []


<r512/h70/NGenIC_20905_2_std/Halo_Positions_with_SFR_5Mpc_0006.png, id=65, 578.
16pt x 433.62pt>
File: r512/h70/NGenIC_20905_2_std/Halo_Positions_with_SFR_5Mpc_0006.png Graphic
 file (type png)

<use r512/h70/NGenIC_20905_2_std/Halo_Positions_with_SFR_5Mpc_0006.png>
<r512/h70/NGenIC_20905_2_Kennicutt/Halo_Positions_with_SFR_5Mpc_0006.png, id=66
, 578.16pt x 433.62pt>
File: r512/h70/NGenIC_20905_2_Kennicutt/Halo_Positions_with_SFR_5Mpc_0006.png G
raphic file (type png)

<use r512/h70/NGenIC_20905_2_Kennicutt/Halo_Positions_with_SFR_5Mpc_0006.png>
<r512/h70/NGenIC_20905_2_Salpeter/Halo_Positions_with_SFR_5Mpc_0006.png, id=67,
 578.16pt x 433.62pt>
File: r512/h70/NGenIC_20905_2_Salpeter/Halo_Positions_with_SFR_5Mpc_0006.png Gr
aphic file (type png)

<use r512/h70/NGenIC_20905_2_Salpeter/Halo_Positions_with_SFR_5Mpc_0006.png>
<r512/h70/NGenIC_20905_2_Scalo/Halo_Positions_with_SFR_5Mpc_0006.png, id=68, 57
8.16pt x 433.62pt>
File: r512/h70/NGenIC_20905_2_Scalo/Halo_Positions_with_SFR_5Mpc_0006.png Graph
ic file (type png)

<use r512/h70/NGenIC_20905_2_Scalo/Halo_Positions_with_SFR_5Mpc_0006.png>

LaTeX Warning: Float too large for page by 121.44331pt on input line 119.

[5 <./r512/h70/NGenIC_20905_2_std/Plot_Star_Formation_History.pdf> <./r512/h70/
NGenIC_20905_2_std/Plot_Stellar_Mass_Function.pdf> <./r512/h70/NGenIC_20905_2_s
td/Plot_SDSS_Tully_Fisher.pdf> <./r512/h70/NGenIC_20905_2_Kennicutt/Plot_Star_F
ormation_History.pdf> <./r512/h70/NGenIC_20905_2_Kennicutt/Plot_Stellar_Mass_Fu
nction.pdf> <./r512/h70/NGenIC_20905_2_Kennicutt/Plot_SDSS_Tully_Fisher.pdf> <.
/r512/h70/NGenIC_20905_2_Salpeter/Plot_Star_Formation_History.pdf> <./r512/h70/
NGenIC_20905_2_Salpeter/Plot_Stellar_Mass_Function.pdf> <./r512/h70/NGenIC_2090
5_2_Salpeter/Plot_SDSS_Tully_Fisher.pdf> <./r512/h70/NGenIC_20905_2_Scalo/Plot_
Star_Formation_History.pdf> <./r512/h70/NGenIC_20905_2_Scalo/Plot_Stellar_Mass_
Function.pdf> <./r512/h70/NGenIC_20905_2_Scalo/Plot_SDSS_Tully_Fisher.pdf>]
[6 <./r512/h70/NGenIC_20905_2_std/Halo_Positions_with_SFR_5Mpc_0006.png> <./r51
2/h70/NGenIC_20905_2_Kennicutt/Halo_Positions_with_SFR_5Mpc_0006.png> <./r512/h
70/NGenIC_20905_2_Salpeter/Halo_Positions_with_SFR_5Mpc_0006.png> <./r512/h70/N
GenIC_20905_2_Scalo/Halo_Positions_with_SFR_5Mpc_0006.png>]
<analysis/galacticus/positionPlotsMasses/Halo_Positions_with_Masses_galacticus_
nestages12_5Mpc_0003.png, id=361, 578.16pt x 433.62pt>
File: analysis/galacticus/positionPlotsMasses/Halo_Positions_with_Masses_galact
icus_nestages12_5Mpc_0003.png Graphic file (type png)

<use analysis/galacticus/positionPlotsMasses/Halo_Positions_with_Masses_galacti
cus_nestages12_5Mpc_0003.png>
<analysis/galacticus/positionPlotsMasses/Halo_Positions_with_Masses_galacticus_
nestages12SLtest_5Mpc_0003.png, id=362, 578.16pt x 433.62pt>
File: analysis/galacticus/positionPlotsMasses/Halo_Positions_with_Masses_galact
icus_nestages12SLtest_5Mpc_0003.png Graphic file (type png)

<use analysis/galacticus/positionPlotsMasses/Halo_Positions_with_Masses_galacti
cus_nestages12SLtest_5Mpc_0003.png>
<analysis/galacticus/positionPlotsMasses/Halo_Positions_with_Masses_galacticus_
nestages_SLtest2_5Mpc_0003.png, id=363, 578.16pt x 433.62pt>
File: analysis/galacticus/positionPlotsMasses/Halo_Positions_with_Masses_galact
icus_nestages_SLtest2_5Mpc_0003.png Graphic file (type png)

<use analysis/galacticus/positionPlotsMasses/Halo_Positions_with_Masses_galacti
cus_nestages_SLtest2_5Mpc_0003.png>
<analysis/galacticus/histograms/Histogram_of_Disk_Stellar_Massgalacticus_nestag
es12_0000.png, id=364, 578.16pt x 433.62pt>
File: analysis/galacticus/histograms/Histogram_of_Disk_Stellar_Massgalacticus_n
estages12_0000.png Graphic file (type png)

<use analysis/galacticus/histograms/Histogram_of_Disk_Stellar_Massgalacticus_ne
stages12_0000.png>
<analysis/galacticus/histograms/Histogram_of_Disk_Stellar_Massgalacticus_nestag
es12SLtest_0000.png, id=365, 578.16pt x 433.62pt>
File: analysis/galacticus/histograms/Histogram_of_Disk_Stellar_Massgalacticus_n
estages12SLtest_0000.png Graphic file (type png)

<use analysis/galacticus/histograms/Histogram_of_Disk_Stellar_Massgalacticus_ne
stages12SLtest_0000.png>
<analysis/galacticus/histograms/Histogram_of_Disk_Stellar_Massgalacticus_nestag
es_SLtest2_0000.png, id=366, 578.16pt x 433.62pt>
File: analysis/galacticus/histograms/Histogram_of_Disk_Stellar_Massgalacticus_n
estages_SLtest2_0000.png Graphic file (type png)

<use analysis/galacticus/histograms/Histogram_of_Disk_Stellar_Massgalacticus_ne
stages_SLtest2_0000.png>
<analysis/galacticus/histograms/Histogram_of_Outflowed_Metalsgalacticus_nestage
s12_0000.png, id=367, 578.16pt x 433.62pt>
File: analysis/galacticus/histograms/Histogram_of_Outflowed_Metalsgalacticus_ne
stages12_0000.png Graphic file (type png)

<use analysis/galacticus/histograms/Histogram_of_Outflowed_Metalsgalacticus_nes
tages12_0000.png>
<analysis/galacticus/histograms/Histogram_of_Outflowed_Metalsgalacticus_nestage
s12SLtest_0000.png, id=368, 578.16pt x 433.62pt>
File: analysis/galacticus/histograms/Histogram_of_Outflowed_Metalsgalacticus_ne
stages12SLtest_0000.png Graphic file (type png)

<use analysis/galacticus/histograms/Histogram_of_Outflowed_Metalsgalacticus_nes
tages12SLtest_0000.png>
<analysis/galacticus/histograms/Histogram_of_Outflowed_Metalsgalacticus_nestage
s_SLtest2_0000.png, id=369, 578.16pt x 433.62pt>
File: analysis/galacticus/histograms/Histogram_of_Outflowed_Metalsgalacticus_ne
stages_SLtest2_0000.png Graphic file (type png)

<use analysis/galacticus/histograms/Histogram_of_Outflowed_Metalsgalacticus_nes
tages_SLtest2_0000.png>
<r256/h70/nestages12/Plot_Star_Formation_History.pdf, id=370, 328.22626pt x 239
.89626pt>
File: r256/h70/nestages12/Plot_Star_Formation_History.pdf Graphic file (type pd
f)
 <use r256/h70/nestages12/Plot_Star_Formation_History.pdf>
<r256/h70/nestages12_SLtest/Plot_Star_Formation_History.pdf, id=371, 328.22626p
t x 239.89626pt>
File: r256/h70/nestages12_SLtest/Plot_Star_Formation_History.pdf Graphic file (
type pdf)

<use r256/h70/nestages12_SLtest/Plot_Star_Formation_History.pdf>
<r256/h70/nestages12_SL2/Plot_Star_Formation_History.pdf, id=372, 328.22626pt x
 239.89626pt>
File: r256/h70/nestages12_SL2/Plot_Star_Formation_History.pdf Graphic file (typ
e pdf)
 <use r256/h70/nestages12_SL2/Plot_Star_Formation_History.pdf>
<analysis/powerspectra/100MPcSimsComparison/fin_powspec_combined_256_h70.pdf, i
d=373, 794.97pt x 614.295pt>
File: analysis/powerspectra/100MPcSimsComparison/fin_powspec_combined_256_h70.p
df Graphic file (type pdf)

<use analysis/powerspectra/100MPcSimsComparison/fin_powspec_combined_256_h70.pd
f>
<analysis/powerspectra/100MPcSimsComparison/IC_powspec_combined_256_h70.pdf, id
=374, 794.97pt x 614.295pt>
File: analysis/powerspectra/100MPcSimsComparison/IC_powspec_combined_256_h70.pd
f Graphic file (type pdf)

<use analysis/powerspectra/100MPcSimsComparison/IC_powspec_combined_256_h70.pdf
>
Overfull \hbox (34.20265pt too wide) in paragraph at lines 131--156
[] 
 []


Overfull \hbox (34.20265pt too wide) in paragraph at lines 131--156
[] 
 []


Overfull \hbox (34.20265pt too wide) in paragraph at lines 131--156
[] 
 []


Underfull \hbox (badness 10000) in paragraph at lines 131--156

 []

[7 <./analysis/galacticus/positionPlotsMasses/Halo_Positions_with_Masses_galact
icus_nestages12_5Mpc_0003.png>] [8 <./analysis/galacticus/positionPlotsMasses/H
alo_Positions_with_Masses_galacticus_nestages12SLtest_5Mpc_0003.png> <./analysi
s/galacticus/positionPlotsMasses/Halo_Positions_with_Masses_galacticus_nestages
_SLtest2_5Mpc_0003.png>] [9 <./analysis/galacticus/histograms/Histogram_of_Disk
_Stellar_Massgalacticus_nestages12_0000.png> <./analysis/galacticus/histograms/
Histogram_of_Disk_Stellar_Massgalacticus_nestages12SLtest_0000.png> <./analysis
/galacticus/histograms/Histogram_of_Disk_Stellar_Massgalacticus_nestages_SLtest
2_0000.png>] [10 <./analysis/galacticus/histograms/Histogram_of_Outflowed_Metal
sgalacticus_nestages12_0000.png> <./analysis/galacticus/histograms/Histogram_of
_Outflowed_Metalsgalacticus_nestages12SLtest_0000.png> <./analysis/galacticus/h
istograms/Histogram_of_Outflowed_Metalsgalacticus_nestages_SLtest2_0000.png>]
[11 <./r256/h70/nestages12/Plot_Star_Formation_History.pdf> <./r256/h70/nestage
s12_SLtest/Plot_Star_Formation_History.pdf> <./r256/h70/nestages12_SL2/Plot_Sta
r_Formation_History.pdf>]
Underfull \hbox (badness 10000) in paragraph at lines 159--162

 []


Underfull \hbox (badness 10000) in paragraph at lines 165--166

 []


<analysis/omega_evolution/comparison_mvirmax.pdf, id=473, 794.97pt x 614.295pt>
File: analysis/omega_evolution/comparison_mvirmax.pdf Graphic file (type pdf)
<use analysis/omega_evolution/comparison_mvirmax.pdf> [12 <./analysis/powerspec
tra/100MPcSimsComparison/fin_powspec_combined_256_h70.pdf, page is rotated 90 d
egrees> <./analysis/powerspectra/100MPcSimsComparison/IC_powspec_combined_256_h
70.pdf, page is rotated 90 degrees>]
<analysis/omega_evolution/omega_evolution_128_h70.pdf, id=486, 794.97pt x 614.2
95pt>
File: analysis/omega_evolution/omega_evolution_128_h70.pdf Graphic file (type p
df)
 <use analysis/omega_evolution/omega_evolution_128_h70.pdf>
<analysis/omega_evolution/omega_evolution_128_h100.pdf, id=487, 794.97pt x 614.
295pt>
File: analysis/omega_evolution/omega_evolution_128_h100.pdf Graphic file (type 
pdf)
 <use analysis/omega_evolution/omega_evolution_128_h100.pdf>
<analysis/omega_evolution/omega_evolution_256_h70.pdf, id=488, 794.97pt x 614.2
95pt>
File: analysis/omega_evolution/omega_evolution_256_h70.pdf Graphic file (type p
df)
 <use analysis/omega_evolution/omega_evolution_256_h70.pdf>
<analysis/omega_evolution/omega_evolution_256_h100.pdf, id=489, 794.97pt x 614.
295pt>
File: analysis/omega_evolution/omega_evolution_256_h100.pdf Graphic file (type 
pdf)
 <use analysis/omega_evolution/omega_evolution_256_h100.pdf>
<analysis/omega_evolution/omega_evolution_512_h100.pdf, id=490, 794.97pt x 614.
295pt>
File: analysis/omega_evolution/omega_evolution_512_h100.pdf Graphic file (type 
pdf)
 <use analysis/omega_evolution/omega_evolution_512_h100.pdf>
<analysis/powerspectra/IC_powspec_combined_128_h70.pdf, id=491, 794.97pt x 614.
295pt>
File: analysis/powerspectra/IC_powspec_combined_128_h70.pdf Graphic file (type 
pdf)
 <use analysis/powerspectra/IC_powspec_combined_128_h70.pdf>
<analysis/powerspectra/IC_powspec_combined_128_h100.pdf, id=492, 794.97pt x 614
.295pt>
File: analysis/powerspectra/IC_powspec_combined_128_h100.pdf Graphic file (type
 pdf)
 <use analysis/powerspectra/IC_powspec_combined_128_h100.pdf>
<analysis/powerspectra/IC_powspec_combined_256_h70.pdf, id=493, 794.97pt x 614.
295pt>
File: analysis/powerspectra/IC_powspec_combined_256_h70.pdf Graphic file (type 
pdf)
 <use analysis/powerspectra/IC_powspec_combined_256_h70.pdf>
<analysis/powerspectra/IC_powspec_combined_256_h100.pdf, id=494, 794.97pt x 614
.295pt>
File: analysis/powerspectra/IC_powspec_combined_256_h100.pdf Graphic file (type
 pdf)
 <use analysis/powerspectra/IC_powspec_combined_256_h100.pdf>
<analysis/powerspectra/IC_powspec_combined_512_h70.pdf, id=495, 794.97pt x 614.
295pt>
File: analysis/powerspectra/IC_powspec_combined_512_h70.pdf Graphic file (type 
pdf)
 <use analysis/powerspectra/IC_powspec_combined_512_h70.pdf>
<analysis/powerspectra/IC_powspec_combined_512_h100.pdf, id=496, 794.97pt x 614
.295pt>
File: analysis/powerspectra/IC_powspec_combined_512_h100.pdf Graphic file (type
 pdf)
 <use analysis/powerspectra/IC_powspec_combined_512_h100.pdf>
<analysis/powerspectra/fin_powspec_combined_128_h70.pdf, id=497, 794.97pt x 614
.295pt>
File: analysis/powerspectra/fin_powspec_combined_128_h70.pdf Graphic file (type
 pdf)
 <use analysis/powerspectra/fin_powspec_combined_128_h70.pdf>
<analysis/powerspectra/fin_powspec_combined_128_h100.pdf, id=498, 794.97pt x 61
4.295pt>
File: analysis/powerspectra/fin_powspec_combined_128_h100.pdf Graphic file (typ
e pdf)
 <use analysis/powerspectra/fin_powspec_combined_128_h100.pdf>
<analysis/powerspectra/fin_powspec_combined_256_h70.pdf, id=499, 794.97pt x 614
.295pt>
File: analysis/powerspectra/fin_powspec_combined_256_h70.pdf Graphic file (type
 pdf)
 <use analysis/powerspectra/fin_powspec_combined_256_h70.pdf>
<analysis/powerspectra/fin_powspec_combined_256_h100.pdf, id=500, 794.97pt x 61
4.295pt>
File: analysis/powerspectra/fin_powspec_combined_256_h100.pdf Graphic file (typ
e pdf)
 <use analysis/powerspectra/fin_powspec_combined_256_h100.pdf>
<analysis/powerspectra/fin_powspec_combined_512_h70.pdf, id=501, 794.97pt x 614
.295pt>
File: analysis/powerspectra/fin_powspec_combined_512_h70.pdf Graphic file (type
 pdf)
 <use analysis/powerspectra/fin_powspec_combined_512_h70.pdf>
<analysis/powerspectra/fin_powspec_combined_512_h100.pdf, id=502, 794.97pt x 61
4.295pt>
File: analysis/powerspectra/fin_powspec_combined_512_h100.pdf Graphic file (typ
e pdf)
 <use analysis/powerspectra/fin_powspec_combined_512_h100.pdf>
<r256/h70/mu_100h70_8-514200/plot_mvir_out_197.pdf, id=503, 794.97pt x 614.295p
t>
File: r256/h70/mu_100h70_8-514200/plot_mvir_out_197.pdf Graphic file (type pdf)

 <use r256/h70/mu_100h70_8-514200/plot_mvir_out_197.pdf>
<r256/h70/mu_100h70_8-514200_bbks/plot_mvir_out_197.pdf, id=504, 794.97pt x 614
.295pt>
File: r256/h70/mu_100h70_8-514200_bbks/plot_mvir_out_197.pdf Graphic file (type
 pdf)
 <use r256/h70/mu_100h70_8-514200_bbks/plot_mvir_out_197.pdf>
Overfull \hbox (0.50107pt too wide) in paragraph at lines 215--217
[][] [] 
 []


Underfull \hbox (badness 10000) in paragraph at lines 229--233

 []


Underfull \hbox (badness 10000) in paragraph at lines 235--236

 []

[13 <./analysis/omega_evolution/comparison_mvirmax.pdf, page is rotated 90 degr
ees> <./r256/h70/mu_100h70_8-514200/plot_mvir_out_197.pdf, page is rotated 90 d
egrees> <./r256/h70/mu_100h70_8-514200_bbks/plot_mvir_out_197.pdf, page is rota
ted 90 degrees>] [14 <./analysis/omega_evolution/omega_evolution_128_h70.pdf, p
age is rotated 90 degrees> <./analysis/omega_evolution/omega_evolution_128_h100
.pdf, page is rotated 90 degrees> <./analysis/omega_evolution/omega_evolution_2
56_h70.pdf, page is rotated 90 degrees> <./analysis/omega_evolution/omega_evolu
tion_256_h100.pdf, page is rotated 90 degrees> <./analysis/omega_evolution/omeg
a_evolution_512_h100.pdf, page is rotated 90 degrees>] [15 <./analysis/powerspe
ctra/IC_powspec_combined_128_h70.pdf, page is rotated 90 degrees> <./analysis/p
owerspectra/IC_powspec_combined_128_h100.pdf, page is rotated 90 degrees> <./an
alysis/powerspectra/IC_powspec_combined_256_h70.pdf, page is rotated 90 degrees
> <./analysis/powerspectra/IC_powspec_combined_256_h100.pdf, page is rotated 90
 degrees> <./analysis/powerspectra/IC_powspec_combined_512_h70.pdf, page is rot
ated 90 degrees> <./analysis/powerspectra/IC_powspec_combined_512_h100.pdf, pag
e is rotated 90 degrees>] [16 <./analysis/powerspectra/fin_powspec_combined_128
_h70.pdf, page is rotated 90 degrees> <./analysis/powerspectra/fin_powspec_comb
ined_128_h100.pdf, page is rotated 90 degrees> <./analysis/powerspectra/fin_pow
spec_combined_256_h70.pdf, page is rotated 90 degrees> <./analysis/powerspectra
/fin_powspec_combined_256_h100.pdf, page is rotated 90 degrees> <./analysis/pow
erspectra/fin_powspec_combined_512_h70.pdf, page is rotated 90 degrees> <./anal
ysis/powerspectra/fin_powspec_combined_512_h100.pdf, page is rotated 90 degrees
>] <r256/h100/stages_14/197.jpg, id=581, 1927.2pt x 1445.4pt>
File: r256/h100/stages_14/197.jpg Graphic file (type jpg)

<use r256/h100/stages_14/197.jpg>
File: r256/h100/stages_14/197.jpg Graphic file (type jpg)
 <use r256/h100/stages_14/197.jpg>
<r256/h100/stages_14/plot_powspec_stages_14.pdf, id=582, 794.97pt x 614.295pt>
File: r256/h100/stages_14/plot_powspec_stages_14.pdf Graphic file (type pdf)

<use r256/h100/stages_14/plot_powspec_stages_14.pdf>
<r256/h100/stages_14/plot_mvir_out_197.pdf, id=583, 794.97pt x 614.295pt>
File: r256/h100/stages_14/plot_mvir_out_197.pdf Graphic file (type pdf)

<use r256/h100/stages_14/plot_mvir_out_197.pdf>
<r256/h100/stages_14/Plot_Star_Formation_History.pdf, id=584, 328.22626pt x 239
.89626pt>
File: r256/h100/stages_14/Plot_Star_Formation_History.pdf Graphic file (type pd
f)
 <use r256/h100/stages_14/Plot_Star_Formation_History.pdf>
<r256/h100/stages14_ling/197.jpg, id=585, 1927.2pt x 1445.4pt>
File: r256/h100/stages14_ling/197.jpg Graphic file (type jpg)

<use r256/h100/stages14_ling/197.jpg>
File: r256/h100/stages14_ling/197.jpg Graphic file (type jpg)
 <use r256/h100/stages14_ling/197.jpg>
<r256/h100/stages14_ling/plot_powspec_stages14_ling.pdf, id=586, 794.97pt x 614
.295pt>
File: r256/h100/stages14_ling/plot_powspec_stages14_ling.pdf Graphic file (type
 pdf)
 <use r256/h100/stages14_ling/plot_powspec_stages14_ling.pdf>
<r256/h100/stages14_ling/plot_mvir_out_197.pdf, id=587, 794.97pt x 614.295pt>
File: r256/h100/stages14_ling/plot_mvir_out_197.pdf Graphic file (type pdf)

<use r256/h100/stages14_ling/plot_mvir_out_197.pdf>
<r256/h100/stages14_ling/Plot_Star_Formation_History.pdf, id=588, 328.22626pt x
 239.89626pt>
File: r256/h100/stages14_ling/Plot_Star_Formation_History.pdf Graphic file (typ
e pdf)
 <use r256/h100/stages14_ling/Plot_Star_Formation_History.pdf>
Overfull \hbox (13.73152pt too wide) in paragraph at lines 250--258
 [][] 
 []

<r256/h70/red_st14_log1/197.jpg, id=589, 1927.2pt x 1445.4pt>
File: r256/h70/red_st14_log1/197.jpg Graphic file (type jpg)

<use r256/h70/red_st14_log1/197.jpg>
<r256/h100/red_st14_log1/197.jpg, id=590, 1927.2pt x 1445.4pt>
File: r256/h100/red_st14_log1/197.jpg Graphic file (type jpg)

<use r256/h100/red_st14_log1/197.jpg>
<r256/h70/red_st14_log1/plot_powspec_red_st14_log1.pdf, id=591, 794.97pt x 614.
295pt>
File: r256/h70/red_st14_log1/plot_powspec_red_st14_log1.pdf Graphic file (type 
pdf)
 <use r256/h70/red_st14_log1/plot_powspec_red_st14_log1.pdf>
<r256/h100/red_st14_log1/plot_powspec_red_st14_log1.pdf, id=592, 794.97pt x 614
.295pt>
File: r256/h100/red_st14_log1/plot_powspec_red_st14_log1.pdf Graphic file (type
 pdf)
 <use r256/h100/red_st14_log1/plot_powspec_red_st14_log1.pdf>
<r256/h70/red_st14_log1/plot_mvir_out_197.pdf, id=593, 794.97pt x 614.295pt>
File: r256/h70/red_st14_log1/plot_mvir_out_197.pdf Graphic file (type pdf)

<use r256/h70/red_st14_log1/plot_mvir_out_197.pdf>
<r256/h100/red_st14_log1/plot_mvir_out_197.pdf, id=594, 794.97pt x 614.295pt>
File: r256/h100/red_st14_log1/plot_mvir_out_197.pdf Graphic file (type pdf)

<use r256/h100/red_st14_log1/plot_mvir_out_197.pdf>
<r256/h70/red_st14_log1/Plot_Star_Formation_History.pdf, id=595, 328.22626pt x 
239.89626pt>
File: r256/h70/red_st14_log1/Plot_Star_Formation_History.pdf Graphic file (type
 pdf)
 <use r256/h70/red_st14_log1/Plot_Star_Formation_History.pdf>
<r256/h100/red_st14_log1/Plot_Star_Formation_History.pdf, id=596, 328.22626pt x
 239.89626pt>
File: r256/h100/red_st14_log1/Plot_Star_Formation_History.pdf Graphic file (typ
e pdf)
 <use r256/h100/red_st14_log1/Plot_Star_Formation_History.pdf>
Overfull \hbox (68.80968pt too wide) in paragraph at lines 261--269
 [][] 
 []

<r256/h70/red_st14_log2/197.jpg, id=597, 1927.2pt x 1445.4pt>
File: r256/h70/red_st14_log2/197.jpg Graphic file (type jpg)

<use r256/h70/red_st14_log2/197.jpg>
<r256/h100/red_st14_log2/197.jpg, id=598, 1927.2pt x 1445.4pt>
File: r256/h100/red_st14_log2/197.jpg Graphic file (type jpg)

<use r256/h100/red_st14_log2/197.jpg>
<r256/h70/red_st14_log2/plot_powspec_red_st14_log2.pdf, id=599, 794.97pt x 614.
295pt>
File: r256/h70/red_st14_log2/plot_powspec_red_st14_log2.pdf Graphic file (type 
pdf)
 <use r256/h70/red_st14_log2/plot_powspec_red_st14_log2.pdf>
<r256/h100/red_st14_log2/plot_powspec_red_st14_log2.pdf, id=600, 794.97pt x 614
.295pt>
File: r256/h100/red_st14_log2/plot_powspec_red_st14_log2.pdf Graphic file (type
 pdf)
 <use r256/h100/red_st14_log2/plot_powspec_red_st14_log2.pdf>
<r256/h70/red_st14_log2/plot_mvir_out_197.pdf, id=601, 794.97pt x 614.295pt>
File: r256/h70/red_st14_log2/plot_mvir_out_197.pdf Graphic file (type pdf)

<use r256/h70/red_st14_log2/plot_mvir_out_197.pdf>
<r256/h100/red_st14_log2/plot_mvir_out_197.pdf, id=602, 794.97pt x 614.295pt>
File: r256/h100/red_st14_log2/plot_mvir_out_197.pdf Graphic file (type pdf)

<use r256/h100/red_st14_log2/plot_mvir_out_197.pdf>
<r256/h70/red_st14_log2/Plot_Star_Formation_History.pdf, id=603, 328.22626pt x 
239.89626pt>
File: r256/h70/red_st14_log2/Plot_Star_Formation_History.pdf Graphic file (type
 pdf)
 <use r256/h70/red_st14_log2/Plot_Star_Formation_History.pdf>
<r256/h100/red_st14_log2/Plot_Star_Formation_History.pdf, id=604, 328.22626pt x
 239.89626pt>
File: r256/h100/red_st14_log2/Plot_Star_Formation_History.pdf Graphic file (typ
e pdf)
 <use r256/h100/red_st14_log2/Plot_Star_Formation_History.pdf>
Overfull \hbox (68.80968pt too wide) in paragraph at lines 272--280
 [][] 
 []

<r256/h70/rst14lg3/197.jpg, id=605, 1927.2pt x 1445.4pt>
File: r256/h70/rst14lg3/197.jpg Graphic file (type jpg)

<use r256/h70/rst14lg3/197.jpg>
<r256/h70/rst14lg3/plot_powspec_rst14lg3.pdf, id=606, 794.97pt x 614.295pt>
File: r256/h70/rst14lg3/plot_powspec_rst14lg3.pdf Graphic file (type pdf)

<use r256/h70/rst14lg3/plot_powspec_rst14lg3.pdf>
<r256/h100/rst14lg3/plot_powspec_rst14lg3.pdf, id=607, 794.97pt x 614.295pt>
File: r256/h100/rst14lg3/plot_powspec_rst14lg3.pdf Graphic file (type pdf)

<use r256/h100/rst14lg3/plot_powspec_rst14lg3.pdf>
<r256/h70/rst14lg3/plot_mvir_out_197.pdf, id=608, 794.97pt x 614.295pt>
File: r256/h70/rst14lg3/plot_mvir_out_197.pdf Graphic file (type pdf)

<use r256/h70/rst14lg3/plot_mvir_out_197.pdf>
<r256/h100/rst14lg3/plot_mvir_out_197.pdf, id=609, 794.97pt x 614.295pt>
File: r256/h100/rst14lg3/plot_mvir_out_197.pdf Graphic file (type pdf)

<use r256/h100/rst14lg3/plot_mvir_out_197.pdf>
<r256/h100/rst14lg3/Plot_Star_Formation_History.pdf, id=610, 328.22626pt x 239.
89626pt>
File: r256/h100/rst14lg3/Plot_Star_Formation_History.pdf Graphic file (type pdf
)
 <use r256/h100/rst14lg3/Plot_Star_Formation_History.pdf>
Overfull \hbox (44.50066pt too wide) in paragraph at lines 283--291
 [][] 
 []


Overfull \hbox (5.89134pt too wide) in paragraph at lines 294--298
\OT1/cmr/m/n/10.95 Galacticus: "merg-ing ha-los [...] have zero separation"-err
or re-ported to Pe-ter Behroozi
 []


Underfull \hbox (badness 10000) in paragraph at lines 294--298

 []


Overfull \hbox (102.2083pt too wide) in paragraph at lines 300--305
[]\OT1/cmr/m/n/10.95 Galacticus bug in stel-lar spe-tra cal-cu-la-tion re-porte
d; Link: \OT1/cmtt/m/n/10.95 https://bugs.launchpad.net/bugs/1011471
 []


Underfull \hbox (badness 10000) in paragraph at lines 300--305

 []


Underfull \hbox (badness 10000) in paragraph at lines 307--309

 []


<r256/h100/NGenIC_10629/Plot_Star_Formation_History.pdf, id=611, 328.22626pt x 
239.89626pt>
File: r256/h100/NGenIC_10629/Plot_Star_Formation_History.pdf Graphic file (type
 pdf)
 <use r256/h100/NGenIC_10629/Plot_Star_Formation_History.pdf>
Underfull \hbox (badness 10000) in paragraph at lines 345--349

 []

[17 <./r256/h100/NGenIC_10629/Plot_Star_Formation_History.pdf>] [18 <./r256/h10
0/stages_14/197.jpg> <./r256/h100/stages_14/plot_powspec_stages_14.pdf, page is
 rotated 90 degrees> <./r256/h100/stages_14/plot_mvir_out_197.pdf, page is rota
ted 90 degrees> <./r256/h100/stages_14/Plot_Star_Formation_History.pdf>]
[19 <./r256/h100/stages14_ling/197.jpg> <./r256/h100/stages14_ling/plot_powspec
_stages14_ling.pdf, page is rotated 90 degrees> <./r256/h100/stages14_ling/plot
_mvir_out_197.pdf, page is rotated 90 degrees> <./r256/h100/stages14_ling/Plot_
Star_Formation_History.pdf>] [20 <./r256/h70/red_st14_log1/197.jpg> <./r256/h10
0/red_st14_log1/197.jpg> <./r256/h70/red_st14_log1/plot_powspec_red_st14_log1.p
df, page is rotated 90 degrees> <./r256/h100/red_st14_log1/plot_powspec_red_st1
4_log1.pdf, page is rotated 90 degrees> <./r256/h70/red_st14_log1/plot_mvir_out
_197.pdf, page is rotated 90 degrees> <./r256/h100/red_st14_log1/plot_mvir_out_
197.pdf, page is rotated 90 degrees> <./r256/h70/red_st14_log1/Plot_Star_Format
ion_History.pdf> <./r256/h100/red_st14_log1/Plot_Star_Formation_History.pdf>]
[21 <./r256/h70/red_st14_log2/197.jpg> <./r256/h100/red_st14_log2/197.jpg> <./r
256/h70/red_st14_log2/plot_powspec_red_st14_log2.pdf, page is rotated 90 degree
s> <./r256/h100/red_st14_log2/plot_powspec_red_st14_log2.pdf, page is rotated 9
0 degrees> <./r256/h70/red_st14_log2/plot_mvir_out_197.pdf, page is rotated 90 
degrees> <./r256/h100/red_st14_log2/plot_mvir_out_197.pdf, page is rotated 90 d
egrees> <./r256/h70/red_st14_log2/Plot_Star_Formation_History.pdf> <./r256/h100
/red_st14_log2/Plot_Star_Formation_History.pdf>] [22 <./r256/h70/rst14lg3/197.j
pg> <./r256/h70/rst14lg3/plot_powspec_rst14lg3.pdf, page is rotated 90 degrees>
 <./r256/h100/rst14lg3/plot_powspec_rst14lg3.pdf, page is rotated 90 degrees> <
./r256/h70/rst14lg3/plot_mvir_out_197.pdf, page is rotated 90 degrees> <./r256/
h100/rst14lg3/plot_mvir_out_197.pdf, page is rotated 90 degrees> <./r256/h100/r
st14lg3/Plot_Star_Formation_History.pdf>]
Underfull \hbox (badness 10000) in paragraph at lines 359--360

 []


Underfull \hbox (badness 10000) in paragraph at lines 362--364

 []


Underfull \hbox (badness 10000) in paragraph at lines 366--370

 []


Underfull \hbox (badness 10000) in paragraph at lines 373--380

 []


<r256/h100/stages_52/Plot_Star_Formation_History_small.pdf, id=870, 328.22626pt
 x 239.89626pt>
File: r256/h100/stages_52/Plot_Star_Formation_History_small.pdf Graphic file (t
ype pdf)

<use r256/h100/stages_52/Plot_Star_Formation_History_small.pdf>
Underfull \hbox (badness 10000) in paragraph at lines 382--390

 []


Underfull \hbox (badness 10000) in paragraph at lines 392--396

 []


Underfull \hbox (badness 10000) in paragraph at lines 398--401

 []

[23 <./r256/h100/stages_52/Plot_Star_Formation_History_small.pdf>]
Underfull \hbox (badness 10000) in paragraph at lines 403--406

 []

<r256/h100/nonperiodictest/drd5nonperiodic.png, id=898, 614.295pt x 385.44pt>
File: r256/h100/nonperiodictest/drd5nonperiodic.png Graphic file (type png)

<use r256/h100/nonperiodictest/drd5nonperiodic.png>
<r256/h100/nonperiodictest/stages20nonperiodic.png, id=899, 1191.45125pt x 740.
7675pt>
File: r256/h100/nonperiodictest/stages20nonperiodic.png Graphic file (type png)

 <use r256/h100/nonperiodictest/stages20nonperiodic.png>
Overfull \hbox (25.593pt too wide) in paragraph at lines 408--412
[] [] 
 []


Underfull \hbox (badness 10000) in paragraph at lines 408--412

 []


Underfull \hbox (badness 10000) in paragraph at lines 420--427

 []


Underfull \hbox (badness 10000) in paragraph at lines 429--433

 []


Underfull \hbox (badness 10000) in paragraph at lines 435--438

 []


Underfull \hbox (badness 10000) in paragraph at lines 449--457

 []

[24 <./r256/h100/nonperiodictest/drd5nonperiodic.png (PNG copy)> <./r256/h100/n
onperiodictest/stages20nonperiodic.png (PNG copy)>]
Overfull \hbox (100.71956pt too wide) in paragraph at lines 486--486
 []\OT1/cmtt/m/n/10.95 Useless use of private variable in void context at ../..
/perl//XMP/MetaData.pm line 16.[] 
 []


Overfull \hbox (8.74055pt too wide) in paragraph at lines 486--486
 []\OT1/cmtt/m/n/10.95 Error Calling PDL::IO::HDF5::Dataset::get: Can't get HDF
5 Dataset type.[] 
 []


Overfull \hbox (8.74055pt too wide) in paragraph at lines 486--486
 []\OT1/cmtt/m/n/10.95 Error Calling PDL::IO::HDF5::Dataset::get: Can't get HDF
5 Dataset type.[] 
 []


Underfull \hbox (badness 10000) in paragraph at lines 489--497

 []


Overfull \hbox (56.3483pt too wide) in paragraph at lines 499--502
[]\OT1/cmr/m/n/10.95 add \OT1/cmtt/m/n/10.95 nohup \OT1/cmr/m/n/10.95 to \OT1/c
mtt/m/n/10.95 ./rockstar server[]ib.cfg \OT1/cmr/m/n/10.95 in \OT1/cmtt/m/n/10.
95 qsubrockstar.sh \OT1/cmr/m/n/10.95 and re-name \OT1/cmtt/m/n/10.95 rocky[]st
artscript
 []


Overfull \hbox (48.98137pt too wide) in paragraph at lines 516--516
 []\OT1/cmtt/m/n/10.95 83973 0.60500 wcon1Gy.st jan     r     11:01:23 astro14.
astro-beowulf.      64[] 
 []


Overfull \hbox (48.98137pt too wide) in paragraph at lines 516--516
 []\OT1/cmtt/m/n/10.95 83974 0.50500 rocky_star harre   r     13:14:22 astro-x4
600-04.astro-beo     1[] 
 []


Overfull \hbox (48.98137pt too wide) in paragraph at lines 516--516
 []\OT1/cmtt/m/n/10.95 83976 0.55421 stages_28_ harre   r     13:52:36 astro22.
astro-beowulf.      32[] 
 []


Overfull \hbox (48.98137pt too wide) in paragraph at lines 516--516
 []\OT1/cmtt/m/n/10.95 83977 0.55421 stages_29_ harre   r     13:56:35 astro25.
astro-beowulf.      32[] 
 []


Overfull \hbox (48.98137pt too wide) in paragraph at lines 516--516
 []\OT1/cmtt/m/n/10.95 83980 0.55421 stages_30_ harre   r     14:07:12 astro28.
astro-beowulf.      32[] 
 []


Overfull \hbox (48.98137pt too wide) in paragraph at lines 516--516
 []\OT1/cmtt/m/n/10.95 83984 0.55421 stages_31_ harre   r     14:14:23 astro31.
astro-beowulf.      32[] 
 []


Overfull \hbox (48.98137pt too wide) in paragraph at lines 516--516
 []\OT1/cmtt/m/n/10.95 83988 0.51611 rocky_star harre   r     14:49:20 astro-x4
600-04.astro-beo     8[] 
 []


Overfull \hbox (48.98137pt too wide) in paragraph at lines 516--516
 []\OT1/cmtt/m/n/10.95 83989 0.51611 rocky_star harre   r     14:50:54 astro-x4
600-03.astro-beo     8[] 
 []


Overfull \hbox (48.98137pt too wide) in paragraph at lines 516--516
 []\OT1/cmtt/m/n/10.95 83993 0.51611 rocky_star harre   r     15:12:52 astro-x4
600-04.astro-beo     8[] 
 []


Overfull \hbox (48.98137pt too wide) in paragraph at lines 516--516
 []\OT1/cmtt/m/n/10.95 83995 0.51611 rocky_star harre   r     15:16:43 astro-x4
600-03.astro-beo     8[] 
 []


Overfull \hbox (48.98137pt too wide) in paragraph at lines 516--516
 []\OT1/cmtt/m/n/10.95 83992 0.58278 c803_test_ markus  qw    14:54:54         
                    50[] 
 []


Overfull \hbox (48.98137pt too wide) in paragraph at lines 516--516
 []\OT1/cmtt/m/n/10.95 83985 0.55421 stages_32_ harre   qw    14:14:31         
                    32[] 
 []


Overfull \hbox (48.98137pt too wide) in paragraph at lines 516--516
 []\OT1/cmtt/m/n/10.95 83986 0.55421 stages_33_ harre   qw    14:14:41         
                    32[] 
 []


Overfull \hbox (11.42815pt too wide) in paragraph at lines 517--527
\OT1/cmr/bx/n/10.95 Rockstar \OT1/cmr/m/n/10.95 works if in-fini-band is forced
 with \OT1/cmtt/m/n/10.95 PARALLEL[]IO[]SERVER[]INTERFACE = "ib0"\OT1/cmr/m/n/1
0.95 ,
 []


Overfull \hbox (50.68646pt too wide) in paragraph at lines 517--527
\OT1/cmr/m/n/10.95 the client IP ad-dress is in-deed NOT nec-es-sary, client pr
o-cess is started with \OT1/cmtt/m/n/10.95 auto-rockstar.cfg 
 []


Underfull \hbox (badness 10000) in paragraph at lines 517--527

 []


Underfull \hbox (badness 10000) in paragraph at lines 529--535

 []

[25]
Underfull \hbox (badness 10000) in paragraph at lines 537--544

 []


Underfull \hbox (badness 10000) in paragraph at lines 547--555

 []


Overfull \hbox (13.55165pt too wide) in paragraph at lines 557--571
\OT1/cmr/m/n/10.95 added out-put red-shifts de-rived from \OT1/cmtt/m/n/10.95 g
adget[]timer.txt \OT1/cmr/m/n/10.95 as pa-ram-e-ter \OT1/cmtt/m/n/10.95 outputR
edshifts
 []


Underfull \hbox (badness 10000) in paragraph at lines 574--575

 []


Underfull \hbox (badness 10000) in paragraph at lines 581--586

 []


Underfull \hbox (badness 10000) in paragraph at lines 588--589

 []

[26]
Overfull \hbox (2.99187pt too wide) in paragraph at lines 619--619
 []\OT1/cmtt/m/n/10.95 83492 0.60500 d31c_1_sta harre   r     02/10/2012 15:19:
56 astro18  16[] 
 []


Overfull \hbox (2.99187pt too wide) in paragraph at lines 619--619
 []\OT1/cmtt/m/n/10.95 83493 0.60500 d31c_2_sta harre   r     02/10/2012 15:20:
37 astro29  16[] 
 []


Overfull \hbox (2.99187pt too wide) in paragraph at lines 619--619
 []\OT1/cmtt/m/n/10.95 83494 0.60500 d31c_3_sta harre   r     02/10/2012 15:21:
17 astro25  16[] 
 []


Overfull \hbox (2.99187pt too wide) in paragraph at lines 619--619
 []\OT1/cmtt/m/n/10.95 83495 0.60500 d51c_sl100 harre   r     02/10/2012 15:23:
21 astro31  16[] 
 []


Overfull \hbox (2.99187pt too wide) in paragraph at lines 619--619
 []\OT1/cmtt/m/n/10.95 83496 0.54786 d3+3c_sl50 harre   r     02/10/2012 15:37:
13 astro12  16[] 
 []


Overfull \hbox (2.99187pt too wide) in paragraph at lines 619--619
 []\OT1/cmtt/m/n/10.95 83497 0.60500 d3+3c_sl50 harre   r     02/10/2012 15:39:
16 astro30  32[] 
 []


Overfull \hbox (2.99187pt too wide) in paragraph at lines 619--619
 []\OT1/cmtt/m/n/10.95 83498 0.60500 d15+3c_sl5 harre   r     02/10/2012 15:44:
23 astro30  16[] 
 []


Underfull \hbox (badness 10000) in paragraph at lines 622--625

 []


Underfull \hbox (badness 10000) in paragraph at lines 627--633

 []

[27] (./Notes_Single.aux) ) 
Here is how much of TeX's memory you used:
 6692 strings out of 495021
 109409 string characters out of 1181036
 166790 words of memory out of 3000000
 9636 multiletter control sequences out of 15000+50000
 12480 words of font info for 47 fonts, out of 3000000 for 9000
 28 hyphenation exceptions out of 8191
 38i,13n,24p,281b,460s stack positions out of 5000i,500n,10000p,200000b,50000s
</usr/share/texmf-texlive/fonts/type1/public/amsfont
s/cm/cmbx10.pfb></usr/share/texmf-texlive/fonts/type1/public/amsfonts/cm/cmbx12
.pfb></usr/share/texmf-texlive/fonts/type1/public/amsfonts/cm/cmmi10.pfb></usr/
share/texmf-texlive/fonts/type1/public/amsfonts/cm/cmr10.pfb></usr/share/texmf-
texlive/fonts/type1/public/amsfonts/cm/cmr12.pfb></usr/share/texmf-texlive/font
s/type1/public/amsfonts/cm/cmr17.pfb></usr/share/texmf-texlive/fonts/type1/publ
ic/amsfonts/cm/cmr8.pfb></usr/share/texmf-texlive/fonts/type1/public/amsfonts/c
m/cmsl10.pfb></usr/share/texmf-texlive/fonts/type1/public/amsfonts/cm/cmsy10.pf
b></usr/share/texmf-texlive/fonts/type1/public/amsfonts/cm/cmsy8.pfb></usr/shar
e/texmf-texlive/fonts/type1/public/amsfonts/cm/cmtt10.pfb>
Output written on Notes_Single.pdf (28 pages, 9576969 bytes).
PDF statistics:
 961 PDF objects out of 1000 (max. 8388607)
 34 named destinations out of 1000 (max. 500000)
 462 words of extra memory for PDF output out of 10000 (max. 10000000)

