\BOOKMARK [0][-]{chapter.1}{Simulations}{}
\BOOKMARK [1][-]{section.1.1}{r256}{chapter.1}
\BOOKMARK [2][-]{subsection.1.1.1}{h70}{section.1.1}
\BOOKMARK [3][-]{section*.2}{mm\137h \(major merger H comparison\)}{subsection.1.1.1}
\BOOKMARK [3][-]{section*.3}{red\137st14\137log1}{subsection.1.1.1}
\BOOKMARK [3][-]{section*.4}{red\137st14\137log2}{subsection.1.1.1}
\BOOKMARK [3][-]{section*.5}{rst14lg3}{subsection.1.1.1}
\BOOKMARK [3][-]{section*.6}{stages\13712\137h\13744}{subsection.1.1.1}
\BOOKMARK [3][-]{section*.7}{stages\13720\137h}{subsection.1.1.1}
\BOOKMARK [2][-]{subsection.1.1.2}{h100}{section.1.1}
\BOOKMARK [3][-]{section*.8}{dr5d5\137r256}{subsection.1.1.2}
\BOOKMARK [3][-]{section*.9}{drd5\137r256 \(\)}{subsection.1.1.2}
\BOOKMARK [3][-]{section*.10}{drd5\137r256\1372 \(+ major merger in progress\)}{subsection.1.1.2}
\BOOKMARK [3][-]{section*.11}{drdx\1373\137r256}{subsection.1.1.2}
\BOOKMARK [3][-]{section*.12}{fuenfincr256\1371}{subsection.1.1.2}
\BOOKMARK [3][-]{section*.13}{fuenfincr256\1372 \040dump!}{subsection.1.1.2}
\BOOKMARK [3][-]{section*.14}{gendrkl1r2\1371c\1371}{subsection.1.1.2}
\BOOKMARK [3][-]{section*.15}{mm\137h \(major merger H comparison\)}{subsection.1.1.2}
\BOOKMARK [3][-]{section*.16}{NGenIC\13710629}{subsection.1.1.2}
\BOOKMARK [3][-]{section*.17}{NGenIC\13715039}{subsection.1.1.2}
\BOOKMARK [3][-]{section*.18}{NGenIC\13726214}{subsection.1.1.2}
\BOOKMARK [3][-]{section*.19}{red\137st14\137log1}{subsection.1.1.2}
\BOOKMARK [3][-]{section*.20}{red\137st14\137log2}{subsection.1.1.2}
\BOOKMARK [3][-]{section*.21}{rst14lg3}{subsection.1.1.2}
\BOOKMARK [3][-]{section*.22}{stages\13707}{subsection.1.1.2}
\BOOKMARK [3][-]{section*.23}{stages\13712}{subsection.1.1.2}
\BOOKMARK [3][-]{section*.24}{stages\13713}{subsection.1.1.2}
\BOOKMARK [3][-]{section*.25}{stages14\137ling}{subsection.1.1.2}
\BOOKMARK [3][-]{section*.26}{stages\13714}{subsection.1.1.2}
\BOOKMARK [3][-]{section*.27}{stages\13714e}{subsection.1.1.2}
\BOOKMARK [3][-]{section*.28}{stages\13718}{subsection.1.1.2}
\BOOKMARK [3][-]{section*.29}{stages\13719}{subsection.1.1.2}
\BOOKMARK [3][-]{section*.30}{stages\13720}{subsection.1.1.2}
\BOOKMARK [3][-]{section*.31}{stages\13721}{subsection.1.1.2}
\BOOKMARK [3][-]{section*.32}{stages\13737}{subsection.1.1.2}
\BOOKMARK [3][-]{section*.33}{stages\13746}{subsection.1.1.2}
\BOOKMARK [3][-]{section*.34}{stages\13750}{subsection.1.1.2}
\BOOKMARK [3][-]{section*.35}{stages51\137ling}{subsection.1.1.2}
\BOOKMARK [3][-]{section*.36}{stages\13751}{subsection.1.1.2}
\BOOKMARK [3][-]{section*.37}{stages\13752}{subsection.1.1.2}
\BOOKMARK [3][-]{section*.38}{stages\13754dr5d5}{subsection.1.1.2}
\BOOKMARK [3][-]{section*.39}{stages\13756}{subsection.1.1.2}
